0 verbose cli /usr/local/bin/node /usr/local/bin/npm
1 info using npm@10.9.0
2 info using node@v22.12.0
3 silly config load:file:/usr/local/lib/node_modules/npm/npmrc
4 silly config load:file:/Users/fakhrirasyids/Documents/Projects/Repo/Jalan Overseas Project/Jalan Overseas Admin Panel - Vue/.npmrc
5 silly config load:file:/Users/fakhrirasyids/.npmrc
6 silly config load:file:/usr/local/etc/npmrc
7 verbose title npm ci
8 verbose argv "ci" "--cache" "./.npm-cache" "--no-audit" "--no-fund"
9 verbose logfile logs-max:10 dir:/Users/fakhrirasyids/Documents/Projects/Repo/Jalan Overseas Project/Jalan Overseas Admin Panel - Vue/.npm-cache/_logs/2026-05-07T19_34_39_088Z-
10 verbose logfile /Users/fakhrirasyids/Documents/Projects/Repo/Jalan Overseas Project/Jalan Overseas Admin Panel - Vue/.npm-cache/_logs/2026-05-07T19_34_39_088Z-debug-0.log
11 silly logfile done cleaning log files
12 silly packumentCache heap:4345298944 maxSize:1086324736 maxEntrySize:543162368
13 silly idealTree buildDeps
14 silly reify moves {}
15 verbose reify failed optional dependency /Users/fakhrirasyids/Documents/Projects/Repo/Jalan Overseas Project/Jalan Overseas Admin Panel - Vue/node_modules/@rollup/rollup-win32-x64-msvc
16 silly reify mark deleted [
16 silly reify   '/Users/fakhrirasyids/Documents/Projects/Repo/Jalan Overseas Project/Jalan Overseas Admin Panel - Vue/node_modules/@rollup/rollup-win32-x64-msvc'
16 silly reify ]
17 verbose reify failed optional dependency /Users/fakhrirasyids/Documents/Projects/Repo/Jalan Overseas Project/Jalan Overseas Admin Panel - Vue/node_modules/@rollup/rollup-win32-x64-gnu
18 silly reify mark deleted [
18 silly reify   '/Users/fakhrirasyids/Documents/Projects/Repo/Jalan Overseas Project/Jalan Overseas Admin Panel - Vue/node_modules/@rollup/rollup-win32-x64-gnu'
18 silly reify ]
19 verbose reify failed optional dependency /Users/fakhrirasyids/Documents/Projects/Repo/Jalan Overseas Project/Jalan Overseas Admin Panel - Vue/node_modules/@rollup/rollup-win32-ia32-msvc
20 silly reify mark deleted [
20 silly reify   '/Users/fakhrirasyids/Documents/Projects/Repo/Jalan Overseas Project/Jalan Overseas Admin Panel - Vue/node_modules/@rollup/rollup-win32-ia32-msvc'
20 silly reify ]
21 verbose reify failed optional dependency /Users/fakhrirasyids/Documents/Projects/Repo/Jalan Overseas Project/Jalan Overseas Admin Panel - Vue/node_modules/@rollup/rollup-win32-arm64-msvc
22 silly reify mark deleted [
22 silly reify   '/Users/fakhrirasyids/Documents/Projects/Repo/Jalan Overseas Project/Jalan Overseas Admin Panel - Vue/node_modules/@rollup/rollup-win32-arm64-msvc'
22 silly reify ]
23 verbose reify failed optional dependency /Users/fakhrirasyids/Documents/Projects/Repo/Jalan Overseas Project/Jalan Overseas Admin Panel - Vue/node_modules/@rollup/rollup-openharmony-arm64
24 silly reify mark deleted [
24 silly reify   '/Users/fakhrirasyids/Documents/Projects/Repo/Jalan Overseas Project/Jalan Overseas Admin Panel - Vue/node_modules/@rollup/rollup-openharmony-arm64'
24 silly reify ]
25 verbose reify failed optional dependency /Users/fakhrirasyids/Documents/Projects/Repo/Jalan Overseas Project/Jalan Overseas Admin Panel - Vue/node_modules/@rollup/rollup-openbsd-x64
26 silly reify mark deleted [
26 silly reify   '/Users/fakhrirasyids/Documents/Projects/Repo/Jalan Overseas Project/Jalan Overseas Admin Panel - Vue/node_modules/@rollup/rollup-openbsd-x64'
26 silly reify ]
27 verbose reify failed optional dependency /Users/fakhrirasyids/Documents/Projects/Repo/Jalan Overseas Project/Jalan Overseas Admin Panel - Vue/node_modules/@rollup/rollup-linux-x64-musl
28 silly reify mark deleted [
28 silly reify   '/Users/fakhrirasyids/Documents/Projects/Repo/Jalan Overseas Project/Jalan Overseas Admin Panel - Vue/node_modules/@rollup/rollup-linux-x64-musl'
28 silly reify ]
29 verbose reify failed optional dependency /Users/fakhrirasyids/Documents/Projects/Repo/Jalan Overseas Project/Jalan Overseas Admin Panel - Vue/node_modules/@rollup/rollup-linux-x64-gnu
30 silly reify mark deleted [
30 silly reify   '/Users/fakhrirasyids/Documents/Projects/Repo/Jalan Overseas Project/Jalan Overseas Admin Panel - Vue/node_modules/@rollup/rollup-linux-x64-gnu'
30 silly reify ]
31 verbose reify failed optional dependency /Users/fakhrirasyids/Documents/Projects/Repo/Jalan Overseas Project/Jalan Overseas Admin Panel - Vue/node_modules/@rollup/rollup-linux-s390x-gnu
32 silly reify mark deleted [
32 silly reify   '/Users/fakhrirasyids/Documents/Projects/Repo/Jalan Overseas Project/Jalan Overseas Admin Panel - Vue/node_modules/@rollup/rollup-linux-s390x-gnu'
32 silly reify ]
33 verbose reify failed optional dependency /Users/fakhrirasyids/Documents/Projects/Repo/Jalan Overseas Project/Jalan Overseas Admin Panel - Vue/node_modules/@rollup/rollup-linux-riscv64-musl
34 silly reify mark deleted [
34 silly reify   '/Users/fakhrirasyids/Documents/Projects/Repo/Jalan Overseas Project/Jalan Overseas Admin Panel - Vue/node_modules/@rollup/rollup-linux-riscv64-musl'
34 silly reify ]
35 verbose reify failed optional dependency /Users/fakhrirasyids/Documents/Projects/Repo/Jalan Overseas Project/Jalan Overseas Admin Panel - Vue/node_modules/@rollup/rollup-linux-riscv64-gnu
36 silly reify mark deleted [
36 silly reify   '/Users/fakhrirasyids/Documents/Projects/Repo/Jalan Overseas Project/Jalan Overseas Admin Panel - Vue/node_modules/@rollup/rollup-linux-riscv64-gnu'
36 silly reify ]
37 verbose reify failed optional dependency /Users/fakhrirasyids/Documents/Projects/Repo/Jalan Overseas Project/Jalan Overseas Admin Panel - Vue/node_modules/@rollup/rollup-linux-ppc64-musl
38 silly reify mark deleted [
38 silly reify   '/Users/fakhrirasyids/Documents/Projects/Repo/Jalan Overseas Project/Jalan Overseas Admin Panel - Vue/node_modules/@rollup/rollup-linux-ppc64-musl'
38 silly reify ]
39 verbose reify failed optional dependency /Users/fakhrirasyids/Documents/Projects/Repo/Jalan Overseas Project/Jalan Overseas Admin Panel - Vue/node_modules/@rollup/rollup-linux-ppc64-gnu
40 silly reify mark deleted [
40 silly reify   '/Users/fakhrirasyids/Documents/Projects/Repo/Jalan Overseas Project/Jalan Overseas Admin Panel - Vue/node_modules/@rollup/rollup-linux-ppc64-gnu'
40 silly reify ]
41 verbose reify failed optional dependency /Users/fakhrirasyids/Documents/Projects/Repo/Jalan Overseas Project/Jalan Overseas Admin Panel - Vue/node_modules/@rollup/rollup-linux-loong64-musl
42 silly reify mark deleted [
42 silly reify   '/Users/fakhrirasyids/Documents/Projects/Repo/Jalan Overseas Project/Jalan Overseas Admin Panel - Vue/node_modules/@rollup/rollup-linux-loong64-musl'
42 silly reify ]
43 verbose reify failed optional dependency /Users/fakhrirasyids/Documents/Projects/Repo/Jalan Overseas Project/Jalan Overseas Admin Panel - Vue/node_modules/@rollup/rollup-linux-loong64-gnu
44 silly reify mark deleted [
44 silly reify   '/Users/fakhrirasyids/Documents/Projects/Repo/Jalan Overseas Project/Jalan Overseas Admin Panel - Vue/node_modules/@rollup/rollup-linux-loong64-gnu'
44 silly reify ]
45 verbose reify failed optional dependency /Users/fakhrirasyids/Documents/Projects/Repo/Jalan Overseas Project/Jalan Overseas Admin Panel - Vue/node_modules/@rollup/rollup-linux-arm64-musl
46 silly reify mark deleted [
46 silly reify   '/Users/fakhrirasyids/Documents/Projects/Repo/Jalan Overseas Project/Jalan Overseas Admin Panel - Vue/node_modules/@rollup/rollup-linux-arm64-musl'
46 silly reify ]
47 verbose reify failed optional dependency /Users/fakhrirasyids/Documents/Projects/Repo/Jalan Overseas Project/Jalan Overseas Admin Panel - Vue/node_modules/@rollup/rollup-linux-arm64-gnu
48 silly reify mark deleted [
48 silly reify   '/Users/fakhrirasyids/Documents/Projects/Repo/Jalan Overseas Project/Jalan Overseas Admin Panel - Vue/node_modules/@rollup/rollup-linux-arm64-gnu'
48 silly reify ]
49 verbose reify failed optional dependency /Users/fakhrirasyids/Documents/Projects/Repo/Jalan Overseas Project/Jalan Overseas Admin Panel - Vue/node_modules/@rollup/rollup-linux-arm-musleabihf
50 silly reify mark deleted [
50 silly reify   '/Users/fakhrirasyids/Documents/Projects/Repo/Jalan Overseas Project/Jalan Overseas Admin Panel - Vue/node_modules/@rollup/rollup-linux-arm-musleabihf'
50 silly reify ]
51 verbose reify failed optional dependency /Users/fakhrirasyids/Documents/Projects/Repo/Jalan Overseas Project/Jalan Overseas Admin Panel - Vue/node_modules/@rollup/rollup-linux-arm-gnueabihf
52 silly reify mark deleted [
52 silly reify   '/Users/fakhrirasyids/Documents/Projects/Repo/Jalan Overseas Project/Jalan Overseas Admin Panel - Vue/node_modules/@rollup/rollup-linux-arm-gnueabihf'
52 silly reify ]
53 verbose reify failed optional dependency /Users/fakhrirasyids/Documents/Projects/Repo/Jalan Overseas Project/Jalan Overseas Admin Panel - Vue/node_modules/@rollup/rollup-freebsd-x64
54 silly reify mark deleted [
54 silly reify   '/Users/fakhrirasyids/Documents/Projects/Repo/Jalan Overseas Project/Jalan Overseas Admin Panel - Vue/node_modules/@rollup/rollup-freebsd-x64'
54 silly reify ]
55 verbose reify failed optional dependency /Users/fakhrirasyids/Documents/Projects/Repo/Jalan Overseas Project/Jalan Overseas Admin Panel - Vue/node_modules/@rollup/rollup-freebsd-arm64
56 silly reify mark deleted [
56 silly reify   '/Users/fakhrirasyids/Documents/Projects/Repo/Jalan Overseas Project/Jalan Overseas Admin Panel - Vue/node_modules/@rollup/rollup-freebsd-arm64'
56 silly reify ]
57 verbose reify failed optional dependency /Users/fakhrirasyids/Documents/Projects/Repo/Jalan Overseas Project/Jalan Overseas Admin Panel - Vue/node_modules/@rollup/rollup-darwin-x64
58 silly reify mark deleted [
58 silly reify   '/Users/fakhrirasyids/Documents/Projects/Repo/Jalan Overseas Project/Jalan Overseas Admin Panel - Vue/node_modules/@rollup/rollup-darwin-x64'
58 silly reify ]
59 verbose reify failed optional dependency /Users/fakhrirasyids/Documents/Projects/Repo/Jalan Overseas Project/Jalan Overseas Admin Panel - Vue/node_modules/@rollup/rollup-android-arm64
60 silly reify mark deleted [
60 silly reify   '/Users/fakhrirasyids/Documents/Projects/Repo/Jalan Overseas Project/Jalan Overseas Admin Panel - Vue/node_modules/@rollup/rollup-android-arm64'
60 silly reify ]
61 verbose reify failed optional dependency /Users/fakhrirasyids/Documents/Projects/Repo/Jalan Overseas Project/Jalan Overseas Admin Panel - Vue/node_modules/@rollup/rollup-android-arm-eabi
62 silly reify mark deleted [
62 silly reify   '/Users/fakhrirasyids/Documents/Projects/Repo/Jalan Overseas Project/Jalan Overseas Admin Panel - Vue/node_modules/@rollup/rollup-android-arm-eabi'
62 silly reify ]
63 verbose reify failed optional dependency /Users/fakhrirasyids/Documents/Projects/Repo/Jalan Overseas Project/Jalan Overseas Admin Panel - Vue/node_modules/@esbuild/win32-x64
64 silly reify mark deleted [
64 silly reify   '/Users/fakhrirasyids/Documents/Projects/Repo/Jalan Overseas Project/Jalan Overseas Admin Panel - Vue/node_modules/@esbuild/win32-x64'
64 silly reify ]
65 verbose reify failed optional dependency /Users/fakhrirasyids/Documents/Projects/Repo/Jalan Overseas Project/Jalan Overseas Admin Panel - Vue/node_modules/@esbuild/win32-ia32
66 silly reify mark deleted [
66 silly reify   '/Users/fakhrirasyids/Documents/Projects/Repo/Jalan Overseas Project/Jalan Overseas Admin Panel - Vue/node_modules/@esbuild/win32-ia32'
66 silly reify ]
67 verbose reify failed optional dependency /Users/fakhrirasyids/Documents/Projects/Repo/Jalan Overseas Project/Jalan Overseas Admin Panel - Vue/node_modules/@esbuild/win32-arm64
68 silly reify mark deleted [
68 silly reify   '/Users/fakhrirasyids/Documents/Projects/Repo/Jalan Overseas Project/Jalan Overseas Admin Panel - Vue/node_modules/@esbuild/win32-arm64'
68 silly reify ]
69 verbose reify failed optional dependency /Users/fakhrirasyids/Documents/Projects/Repo/Jalan Overseas Project/Jalan Overseas Admin Panel - Vue/node_modules/@esbuild/sunos-x64
70 silly reify mark deleted [
70 silly reify   '/Users/fakhrirasyids/Documents/Projects/Repo/Jalan Overseas Project/Jalan Overseas Admin Panel - Vue/node_modules/@esbuild/sunos-x64'
70 silly reify ]
71 verbose reify failed optional dependency /Users/fakhrirasyids/Documents/Projects/Repo/Jalan Overseas Project/Jalan Overseas Admin Panel - Vue/node_modules/@esbuild/openharmony-arm64
72 silly reify mark deleted [
72 silly reify   '/Users/fakhrirasyids/Documents/Projects/Repo/Jalan Overseas Project/Jalan Overseas Admin Panel - Vue/node_modules/@esbuild/openharmony-arm64'
72 silly reify ]
73 verbose reify failed optional dependency /Users/fakhrirasyids/Documents/Projects/Repo/Jalan Overseas Project/Jalan Overseas Admin Panel - Vue/node_modules/@esbuild/openbsd-x64
74 silly reify mark deleted [
74 silly reify   '/Users/fakhrirasyids/Documents/Projects/Repo/Jalan Overseas Project/Jalan Overseas Admin Panel - Vue/node_modules/@esbuild/openbsd-x64'
74 silly reify ]
75 verbose reify failed optional dependency /Users/fakhrirasyids/Documents/Projects/Repo/Jalan Overseas Project/Jalan Overseas Admin Panel - Vue/node_modules/@esbuild/openbsd-arm64
76 silly reify mark deleted [
76 silly reify   '/Users/fakhrirasyids/Documents/Projects/Repo/Jalan Overseas Project/Jalan Overseas Admin Panel - Vue/node_modules/@esbuild/openbsd-arm64'
76 silly reify ]
77 verbose reify failed optional dependency /Users/fakhrirasyids/Documents/Projects/Repo/Jalan Overseas Project/Jalan Overseas Admin Panel - Vue/node_modules/@esbuild/netbsd-x64
78 silly reify mark deleted [
78 silly reify   '/Users/fakhrirasyids/Documents/Projects/Repo/Jalan Overseas Project/Jalan Overseas Admin Panel - Vue/node_modules/@esbuild/netbsd-x64'
78 silly reify ]
79 verbose reify failed optional dependency /Users/fakhrirasyids/Documents/Projects/Repo/Jalan Overseas Project/Jalan Overseas Admin Panel - Vue/node_modules/@esbuild/netbsd-arm64
80 silly reify mark deleted [
80 silly reify   '/Users/fakhrirasyids/Documents/Projects/Repo/Jalan Overseas Project/Jalan Overseas Admin Panel - Vue/node_modules/@esbuild/netbsd-arm64'
80 silly reify ]
81 verbose reify failed optional dependency /Users/fakhrirasyids/Documents/Projects/Repo/Jalan Overseas Project/Jalan Overseas Admin Panel - Vue/node_modules/@esbuild/linux-x64
82 silly reify mark deleted [
82 silly reify   '/Users/fakhrirasyids/Documents/Projects/Repo/Jalan Overseas Project/Jalan Overseas Admin Panel - Vue/node_modules/@esbuild/linux-x64'
82 silly reify ]
83 verbose reify failed optional dependency /Users/fakhrirasyids/Documents/Projects/Repo/Jalan Overseas Project/Jalan Overseas Admin Panel - Vue/node_modules/@esbuild/linux-s390x
84 silly reify mark deleted [
84 silly reify   '/Users/fakhrirasyids/Documents/Projects/Repo/Jalan Overseas Project/Jalan Overseas Admin Panel - Vue/node_modules/@esbuild/linux-s390x'
84 silly reify ]
85 verbose reify failed optional dependency /Users/fakhrirasyids/Documents/Projects/Repo/Jalan Overseas Project/Jalan Overseas Admin Panel - Vue/node_modules/@esbuild/linux-riscv64
86 silly reify mark deleted [
86 silly reify   '/Users/fakhrirasyids/Documents/Projects/Repo/Jalan Overseas Project/Jalan Overseas Admin Panel - Vue/node_modules/@esbuild/linux-riscv64'
86 silly reify ]
87 verbose reify failed optional dependency /Users/fakhrirasyids/Documents/Projects/Repo/Jalan Overseas Project/Jalan Overseas Admin Panel - Vue/node_modules/@esbuild/linux-ppc64
88 silly reify mark deleted [
88 silly reify   '/Users/fakhrirasyids/Documents/Projects/Repo/Jalan Overseas Project/Jalan Overseas Admin Panel - Vue/node_modules/@esbuild/linux-ppc64'
88 silly reify ]
89 verbose reify failed optional dependency /Users/fakhrirasyids/Documents/Projects/Repo/Jalan Overseas Project/Jalan Overseas Admin Panel - Vue/node_modules/@esbuild/linux-mips64el
90 silly reify mark deleted [
90 silly reify   '/Users/fakhrirasyids/Documents/Projects/Repo/Jalan Overseas Project/Jalan Overseas Admin Panel - Vue/node_modules/@esbuild/linux-mips64el'
90 silly reify ]
91 verbose reify failed optional dependency /Users/fakhrirasyids/Documents/Projects/Repo/Jalan Overseas Project/Jalan Overseas Admin Panel - Vue/node_modules/@esbuild/linux-loong64
92 silly reify mark deleted [
92 silly reify   '/Users/fakhrirasyids/Documents/Projects/Repo/Jalan Overseas Project/Jalan Overseas Admin Panel - Vue/node_modules/@esbuild/linux-loong64'
92 silly reify ]
93 verbose reify failed optional dependency /Users/fakhrirasyids/Documents/Projects/Repo/Jalan Overseas Project/Jalan Overseas Admin Panel - Vue/node_modules/@esbuild/linux-ia32
94 silly reify mark deleted [
94 silly reify   '/Users/fakhrirasyids/Documents/Projects/Repo/Jalan Overseas Project/Jalan Overseas Admin Panel - Vue/node_modules/@esbuild/linux-ia32'
94 silly reify ]
95 verbose reify failed optional dependency /Users/fakhrirasyids/Documents/Projects/Repo/Jalan Overseas Project/Jalan Overseas Admin Panel - Vue/node_modules/@esbuild/linux-arm64
96 silly reify mark deleted [
96 silly reify   '/Users/fakhrirasyids/Documents/Projects/Repo/Jalan Overseas Project/Jalan Overseas Admin Panel - Vue/node_modules/@esbuild/linux-arm64'
96 silly reify ]
97 verbose reify failed optional dependency /Users/fakhrirasyids/Documents/Projects/Repo/Jalan Overseas Project/Jalan Overseas Admin Panel - Vue/node_modules/@esbuild/linux-arm
98 silly reify mark deleted [
98 silly reify   '/Users/fakhrirasyids/Documents/Projects/Repo/Jalan Overseas Project/Jalan Overseas Admin Panel - Vue/node_modules/@esbuild/linux-arm'
98 silly reify ]
99 verbose reify failed optional dependency /Users/fakhrirasyids/Documents/Projects/Repo/Jalan Overseas Project/Jalan Overseas Admin Panel - Vue/node_modules/@esbuild/freebsd-x64
100 silly reify mark deleted [
100 silly reify   '/Users/fakhrirasyids/Documents/Projects/Repo/Jalan Overseas Project/Jalan Overseas Admin Panel - Vue/node_modules/@esbuild/freebsd-x64'
100 silly reify ]
101 verbose reify failed optional dependency /Users/fakhrirasyids/Documents/Projects/Repo/Jalan Overseas Project/Jalan Overseas Admin Panel - Vue/node_modules/@esbuild/freebsd-arm64
102 silly reify mark deleted [
102 silly reify   '/Users/fakhrirasyids/Documents/Projects/Repo/Jalan Overseas Project/Jalan Overseas Admin Panel - Vue/node_modules/@esbuild/freebsd-arm64'
102 silly reify ]
103 verbose reify failed optional dependency /Users/fakhrirasyids/Documents/Projects/Repo/Jalan Overseas Project/Jalan Overseas Admin Panel - Vue/node_modules/@esbuild/darwin-x64
104 silly reify mark deleted [
104 silly reify   '/Users/fakhrirasyids/Documents/Projects/Repo/Jalan Overseas Project/Jalan Overseas Admin Panel - Vue/node_modules/@esbuild/darwin-x64'
104 silly reify ]
105 verbose reify failed optional dependency /Users/fakhrirasyids/Documents/Projects/Repo/Jalan Overseas Project/Jalan Overseas Admin Panel - Vue/node_modules/@esbuild/android-x64
106 silly reify mark deleted [
106 silly reify   '/Users/fakhrirasyids/Documents/Projects/Repo/Jalan Overseas Project/Jalan Overseas Admin Panel - Vue/node_modules/@esbuild/android-x64'
106 silly reify ]
107 verbose reify failed optional dependency /Users/fakhrirasyids/Documents/Projects/Repo/Jalan Overseas Project/Jalan Overseas Admin Panel - Vue/node_modules/@esbuild/android-arm64
108 silly reify mark deleted [
108 silly reify   '/Users/fakhrirasyids/Documents/Projects/Repo/Jalan Overseas Project/Jalan Overseas Admin Panel - Vue/node_modules/@esbuild/android-arm64'
108 silly reify ]
109 verbose reify failed optional dependency /Users/fakhrirasyids/Documents/Projects/Repo/Jalan Overseas Project/Jalan Overseas Admin Panel - Vue/node_modules/@esbuild/android-arm
110 silly reify mark deleted [
110 silly reify   '/Users/fakhrirasyids/Documents/Projects/Repo/Jalan Overseas Project/Jalan Overseas Admin Panel - Vue/node_modules/@esbuild/android-arm'
110 silly reify ]
111 verbose reify failed optional dependency /Users/fakhrirasyids/Documents/Projects/Repo/Jalan Overseas Project/Jalan Overseas Admin Panel - Vue/node_modules/@esbuild/aix-ppc64
112 silly reify mark deleted [
112 silly reify   '/Users/fakhrirasyids/Documents/Projects/Repo/Jalan Overseas Project/Jalan Overseas Admin Panel - Vue/node_modules/@esbuild/aix-ppc64'
112 silly reify ]
113 silly tarball no local data for vue-tsc@https://registry.npmjs.org/vue-tsc/-/vue-tsc-3.2.8.tgz. Extracting by manifest.
114 silly tarball no local data for vue-router@https://registry.npmjs.org/vue-router/-/vue-router-4.6.4.tgz. Extracting by manifest.
115 silly tarball no local data for vite@https://registry.npmjs.org/vite/-/vite-7.3.3.tgz. Extracting by manifest.
116 silly tarball no local data for util-deprecate@https://registry.npmjs.org/util-deprecate/-/util-deprecate-1.0.2.tgz. Extracting by manifest.
117 silly tarball no local data for vue@https://registry.npmjs.org/vue/-/vue-3.5.34.tgz. Extracting by manifest.
118 silly tarball no local data for typescript@https://registry.npmjs.org/typescript/-/typescript-5.9.3.tgz. Extracting by manifest.
119 silly tarball no local data for update-browserslist-db@https://registry.npmjs.org/update-browserslist-db/-/update-browserslist-db-1.2.3.tgz. Extracting by manifest.
120 silly tarball no local data for ts-interface-checker@https://registry.npmjs.org/ts-interface-checker/-/ts-interface-checker-0.1.13.tgz. Extracting by manifest.
121 silly tarball no local data for thenify-all@https://registry.npmjs.org/thenify-all/-/thenify-all-1.6.0.tgz. Extracting by manifest.
122 silly tarball no local data for thenify@https://registry.npmjs.org/thenify/-/thenify-3.3.1.tgz. Extracting by manifest.
123 silly tarball no local data for tailwindcss@https://registry.npmjs.org/tailwindcss/-/tailwindcss-3.4.19.tgz. Extracting by manifest.
124 silly tarball no local data for sucrase@https://registry.npmjs.org/sucrase/-/sucrase-3.35.1.tgz. Extracting by manifest.
125 silly tarball no local data for supports-preserve-symlinks-flag@https://registry.npmjs.org/supports-preserve-symlinks-flag/-/supports-preserve-symlinks-flag-1.0.0.tgz. Extracting by manifest.
126 silly tarball no local data for source-map-js@https://registry.npmjs.org/source-map-js/-/source-map-js-1.2.1.tgz. Extracting by manifest.
127 silly tarball no local data for run-parallel@https://registry.npmjs.org/run-parallel/-/run-parallel-1.2.0.tgz. Extracting by manifest.
128 silly tarball no local data for rollup@https://registry.npmjs.org/rollup/-/rollup-4.60.3.tgz. Extracting by manifest.
129 silly tarball no local data for to-regex-range@https://registry.npmjs.org/to-regex-range/-/to-regex-range-5.0.1.tgz. Extracting by manifest.
130 silly tarball no local data for tinyglobby@https://registry.npmjs.org/tinyglobby/-/tinyglobby-0.2.16.tgz. Extracting by manifest.
131 silly tarball no local data for reusify@https://registry.npmjs.org/reusify/-/reusify-1.1.0.tgz. Extracting by manifest.
132 silly tarball no local data for resolve@https://registry.npmjs.org/resolve/-/resolve-1.22.12.tgz. Extracting by manifest.
133 silly tarball no local data for readdirp@https://registry.npmjs.org/readdirp/-/readdirp-3.6.0.tgz. Extracting by manifest.
134 silly tarball no local data for read-cache@https://registry.npmjs.org/read-cache/-/read-cache-1.0.0.tgz. Extracting by manifest.
135 silly tarball no local data for vscode-uri@https://registry.npmjs.org/vscode-uri/-/vscode-uri-3.1.0.tgz. Extracting by manifest.
136 silly tarball no local data for postcss-nested@https://registry.npmjs.org/postcss-nested/-/postcss-nested-6.2.0.tgz. Extracting by manifest.
137 silly tarball no local data for postcss-value-parser@https://registry.npmjs.org/postcss-value-parser/-/postcss-value-parser-4.2.0.tgz. Extracting by manifest.
138 silly tarball no local data for postcss-js@https://registry.npmjs.org/postcss-js/-/postcss-js-4.1.0.tgz. Extracting by manifest.
139 silly tarball no local data for postcss-import@https://registry.npmjs.org/postcss-import/-/postcss-import-15.1.0.tgz. Extracting by manifest.
140 silly tarball no local data for postcss@https://registry.npmjs.org/postcss/-/postcss-8.5.14.tgz. Extracting by manifest.
141 silly tarball no local data for pirates@https://registry.npmjs.org/pirates/-/pirates-4.0.7.tgz. Extracting by manifest.
142 silly tarball no local data for queue-microtask@https://registry.npmjs.org/queue-microtask/-/queue-microtask-1.2.3.tgz. Extracting by manifest.
143 silly tarball no local data for pify@https://registry.npmjs.org/pify/-/pify-2.3.0.tgz. Extracting by manifest.
144 silly tarball no local data for picomatch@https://registry.npmjs.org/picomatch/-/picomatch-2.3.2.tgz. Extracting by manifest.
145 silly tarball no local data for path-parse@https://registry.npmjs.org/path-parse/-/path-parse-1.0.7.tgz. Extracting by manifest.
146 silly tarball no local data for path-browserify@https://registry.npmjs.org/path-browserify/-/path-browserify-1.0.1.tgz. Extracting by manifest.
147 silly tarball no local data for postcss-load-config@https://registry.npmjs.org/postcss-load-config/-/postcss-load-config-6.0.1.tgz. Extracting by manifest.
148 silly tarball no local data for object-hash@https://registry.npmjs.org/object-hash/-/object-hash-3.0.0.tgz. Extracting by manifest.
149 silly tarball no local data for normalize-path@https://registry.npmjs.org/normalize-path/-/normalize-path-3.0.0.tgz. Extracting by manifest.
150 silly tarball no local data for node-releases@https://registry.npmjs.org/node-releases/-/node-releases-2.0.38.tgz. Extracting by manifest.
151 silly tarball no local data for postcss-selector-parser@https://registry.npmjs.org/postcss-selector-parser/-/postcss-selector-parser-6.1.2.tgz. Extracting by manifest.
152 silly tarball no local data for picocolors@https://registry.npmjs.org/picocolors/-/picocolors-1.1.1.tgz. Extracting by manifest.
153 silly tarball no local data for nanoid@https://registry.npmjs.org/nanoid/-/nanoid-3.3.12.tgz. Extracting by manifest.
154 silly tarball no local data for object-assign@https://registry.npmjs.org/object-assign/-/object-assign-4.1.1.tgz. Extracting by manifest.
155 silly tarball no local data for muggle-string@https://registry.npmjs.org/muggle-string/-/muggle-string-0.4.1.tgz. Extracting by manifest.
156 silly tarball no local data for micromatch@https://registry.npmjs.org/micromatch/-/micromatch-4.0.8.tgz. Extracting by manifest.
157 silly tarball no local data for merge2@https://registry.npmjs.org/merge2/-/merge2-1.4.1.tgz. Extracting by manifest.
158 silly tarball no local data for magic-string@https://registry.npmjs.org/magic-string/-/magic-string-0.30.21.tgz. Extracting by manifest.
159 silly tarball no local data for lines-and-columns@https://registry.npmjs.org/lines-and-columns/-/lines-and-columns-1.2.4.tgz. Extracting by manifest.
160 silly tarball no local data for lilconfig@https://registry.npmjs.org/lilconfig/-/lilconfig-3.1.3.tgz. Extracting by manifest.
161 silly tarball no local data for jiti@https://registry.npmjs.org/jiti/-/jiti-1.21.7.tgz. Extracting by manifest.
162 silly tarball no local data for is-number@https://registry.npmjs.org/is-number/-/is-number-7.0.0.tgz. Extracting by manifest.
163 silly tarball no local data for is-glob@https://registry.npmjs.org/is-glob/-/is-glob-4.0.3.tgz. Extracting by manifest.
164 silly tarball no local data for is-extglob@https://registry.npmjs.org/is-extglob/-/is-extglob-2.1.1.tgz. Extracting by manifest.
165 silly tarball no local data for is-core-module@https://registry.npmjs.org/is-core-module/-/is-core-module-2.16.2.tgz. Extracting by manifest.
166 silly tarball no local data for mz@https://registry.npmjs.org/mz/-/mz-2.7.0.tgz. Extracting by manifest.
167 silly tarball no local data for is-binary-path@https://registry.npmjs.org/is-binary-path/-/is-binary-path-2.1.0.tgz. Extracting by manifest.
168 silly tarball no local data for hasown@https://registry.npmjs.org/hasown/-/hasown-2.0.3.tgz. Extracting by manifest.
169 silly tarball no local data for glob-parent@https://registry.npmjs.org/glob-parent/-/glob-parent-6.0.2.tgz. Extracting by manifest.
170 silly tarball no local data for function-bind@https://registry.npmjs.org/function-bind/-/function-bind-1.1.2.tgz. Extracting by manifest.
171 silly tarball no local data for fsevents@https://registry.npmjs.org/fsevents/-/fsevents-2.3.3.tgz. Extracting by manifest.
172 silly tarball no local data for fraction.js@https://registry.npmjs.org/fraction.js/-/fraction.js-5.3.4.tgz. Extracting by manifest.
173 silly tarball no local data for fast-glob@https://registry.npmjs.org/fast-glob/-/fast-glob-3.3.3.tgz. Extracting by manifest.
174 silly tarball no local data for fill-range@https://registry.npmjs.org/fill-range/-/fill-range-7.1.1.tgz. Extracting by manifest.
175 silly tarball no local data for escalade@https://registry.npmjs.org/escalade/-/escalade-3.2.0.tgz. Extracting by manifest.
176 silly tarball no local data for esbuild@https://registry.npmjs.org/esbuild/-/esbuild-0.27.7.tgz. Extracting by manifest.
177 silly tarball no local data for fastq@https://registry.npmjs.org/fastq/-/fastq-1.20.1.tgz. Extracting by manifest.
178 silly tarball no local data for es-errors@https://registry.npmjs.org/es-errors/-/es-errors-1.3.0.tgz. Extracting by manifest.
179 silly tarball no local data for entities@https://registry.npmjs.org/entities/-/entities-7.0.1.tgz. Extracting by manifest.
180 silly tarball no local data for electron-to-chromium@https://registry.npmjs.org/electron-to-chromium/-/electron-to-chromium-1.5.352.tgz. Extracting by manifest.
181 silly tarball no local data for dlv@https://registry.npmjs.org/dlv/-/dlv-1.1.3.tgz. Extracting by manifest.
182 silly tarball no local data for didyoumean@https://registry.npmjs.org/didyoumean/-/didyoumean-1.2.2.tgz. Extracting by manifest.
183 silly tarball no local data for csstype@https://registry.npmjs.org/csstype/-/csstype-3.2.3.tgz. Extracting by manifest.
184 silly tarball no local data for cssesc@https://registry.npmjs.org/cssesc/-/cssesc-3.0.0.tgz. Extracting by manifest.
185 silly tarball no local data for commander@https://registry.npmjs.org/commander/-/commander-4.1.1.tgz. Extracting by manifest.
186 silly tarball no local data for chokidar@https://registry.npmjs.org/chokidar/-/chokidar-3.6.0.tgz. Extracting by manifest.
187 silly tarball no local data for estree-walker@https://registry.npmjs.org/estree-walker/-/estree-walker-2.0.2.tgz. Extracting by manifest.
188 silly tarball no local data for caniuse-lite@https://registry.npmjs.org/caniuse-lite/-/caniuse-lite-1.0.30001792.tgz. Extracting by manifest.
189 silly tarball no local data for camelcase-css@https://registry.npmjs.org/camelcase-css/-/camelcase-css-2.0.1.tgz. Extracting by manifest.
190 silly tarball no local data for browserslist@https://registry.npmjs.org/browserslist/-/browserslist-4.28.2.tgz. Extracting by manifest.
191 silly tarball no local data for autoprefixer@https://registry.npmjs.org/autoprefixer/-/autoprefixer-10.5.0.tgz. Extracting by manifest.
192 silly tarball no local data for binary-extensions@https://registry.npmjs.org/binary-extensions/-/binary-extensions-2.3.0.tgz. Extracting by manifest.
193 silly tarball no local data for baseline-browser-mapping@https://registry.npmjs.org/baseline-browser-mapping/-/baseline-browser-mapping-2.10.27.tgz. Extracting by manifest.
194 silly tarball no local data for arg@https://registry.npmjs.org/arg/-/arg-5.0.2.tgz. Extracting by manifest.
195 silly tarball no local data for anymatch@https://registry.npmjs.org/anymatch/-/anymatch-3.1.3.tgz. Extracting by manifest.
196 silly tarball no local data for any-promise@https://registry.npmjs.org/any-promise/-/any-promise-1.3.0.tgz. Extracting by manifest.
197 silly tarball no local data for braces@https://registry.npmjs.org/braces/-/braces-3.0.3.tgz. Extracting by manifest.
198 silly tarball no local data for alien-signals@https://registry.npmjs.org/alien-signals/-/alien-signals-3.1.2.tgz. Extracting by manifest.
199 silly tarball no local data for @vue/shared@https://registry.npmjs.org/@vue/shared/-/shared-3.5.34.tgz. Extracting by manifest.
200 silly tarball no local data for @vue/server-renderer@https://registry.npmjs.org/@vue/server-renderer/-/server-renderer-3.5.34.tgz. Extracting by manifest.
201 silly tarball no local data for @vue/reactivity@https://registry.npmjs.org/@vue/reactivity/-/reactivity-3.5.34.tgz. Extracting by manifest.
202 silly tarball no local data for @vue/runtime-dom@https://registry.npmjs.org/@vue/runtime-dom/-/runtime-dom-3.5.34.tgz. Extracting by manifest.
203 silly tarball no local data for @vue/devtools-api@https://registry.npmjs.org/@vue/devtools-api/-/devtools-api-6.6.4.tgz. Extracting by manifest.
204 silly tarball no local data for @vue/language-core@https://registry.npmjs.org/@vue/language-core/-/language-core-3.2.8.tgz. Extracting by manifest.
205 silly tarball no local data for @vue/compiler-ssr@https://registry.npmjs.org/@vue/compiler-ssr/-/compiler-ssr-3.5.34.tgz. Extracting by manifest.
206 silly tarball no local data for @vue/compiler-sfc@https://registry.npmjs.org/@vue/compiler-sfc/-/compiler-sfc-3.5.34.tgz. Extracting by manifest.
207 silly tarball no local data for @vue/runtime-core@https://registry.npmjs.org/@vue/runtime-core/-/runtime-core-3.5.34.tgz. Extracting by manifest.
208 silly tarball no local data for @vue/compiler-dom@https://registry.npmjs.org/@vue/compiler-dom/-/compiler-dom-3.5.34.tgz. Extracting by manifest.
209 silly tarball no local data for @volar/source-map@https://registry.npmjs.org/@volar/source-map/-/source-map-2.4.28.tgz. Extracting by manifest.
210 silly tarball no local data for @volar/language-core@https://registry.npmjs.org/@volar/language-core/-/language-core-2.4.28.tgz. Extracting by manifest.
211 silly tarball no local data for @types/estree@https://registry.npmjs.org/@types/estree/-/estree-1.0.8.tgz. Extracting by manifest.
212 silly tarball no local data for @rollup/rollup-darwin-arm64@https://registry.npmjs.org/@rollup/rollup-darwin-arm64/-/rollup-darwin-arm64-4.60.3.tgz. Extracting by manifest.
213 silly tarball no local data for @rolldown/pluginutils@https://registry.npmjs.org/@rolldown/pluginutils/-/pluginutils-1.0.0-rc.13.tgz. Extracting by manifest.
214 silly tarball no local data for @nodelib/fs.walk@https://registry.npmjs.org/@nodelib/fs.walk/-/fs.walk-1.2.8.tgz. Extracting by manifest.
215 silly tarball no local data for @volar/typescript@https://registry.npmjs.org/@volar/typescript/-/typescript-2.4.28.tgz. Extracting by manifest.
216 silly tarball no local data for @vue/compiler-core@https://registry.npmjs.org/@vue/compiler-core/-/compiler-core-3.5.34.tgz. Extracting by manifest.
217 silly tarball no local data for @nodelib/fs.scandir@https://registry.npmjs.org/@nodelib/fs.scandir/-/fs.scandir-2.1.5.tgz. Extracting by manifest.
218 silly tarball no local data for @nodelib/fs.stat@https://registry.npmjs.org/@nodelib/fs.stat/-/fs.stat-2.0.5.tgz. Extracting by manifest.
219 silly tarball no local data for @jridgewell/trace-mapping@https://registry.npmjs.org/@jridgewell/trace-mapping/-/trace-mapping-0.3.31.tgz. Extracting by manifest.
220 silly tarball no local data for @jridgewell/sourcemap-codec@https://registry.npmjs.org/@jridgewell/sourcemap-codec/-/sourcemap-codec-1.5.5.tgz. Extracting by manifest.
221 silly tarball no local data for @jridgewell/resolve-uri@https://registry.npmjs.org/@jridgewell/resolve-uri/-/resolve-uri-3.1.2.tgz. Extracting by manifest.
222 silly tarball no local data for @jridgewell/gen-mapping@https://registry.npmjs.org/@jridgewell/gen-mapping/-/gen-mapping-0.3.13.tgz. Extracting by manifest.
223 silly tarball no local data for @babel/types@https://registry.npmjs.org/@babel/types/-/types-7.29.0.tgz. Extracting by manifest.
224 silly tarball no local data for @esbuild/darwin-arm64@https://registry.npmjs.org/@esbuild/darwin-arm64/-/darwin-arm64-0.27.7.tgz. Extracting by manifest.
225 silly tarball no local data for @babel/parser@https://registry.npmjs.org/@babel/parser/-/parser-7.29.3.tgz. Extracting by manifest.
226 silly tarball no local data for @babel/helper-string-parser@https://registry.npmjs.org/@babel/helper-string-parser/-/helper-string-parser-7.27.1.tgz. Extracting by manifest.
227 silly tarball no local data for @babel/helper-validator-identifier@https://registry.npmjs.org/@babel/helper-validator-identifier/-/helper-validator-identifier-7.28.5.tgz. Extracting by manifest.
228 silly tarball no local data for fdir@https://registry.npmjs.org/fdir/-/fdir-6.5.0.tgz. Extracting by manifest.
229 silly tarball no local data for fdir@https://registry.npmjs.org/fdir/-/fdir-6.5.0.tgz. Extracting by manifest.
230 silly tarball no local data for picomatch@https://registry.npmjs.org/picomatch/-/picomatch-4.0.4.tgz. Extracting by manifest.
231 silly tarball no local data for glob-parent@https://registry.npmjs.org/glob-parent/-/glob-parent-5.1.2.tgz. Extracting by manifest.
232 silly tarball no local data for glob-parent@https://registry.npmjs.org/glob-parent/-/glob-parent-5.1.2.tgz. Extracting by manifest.
233 silly tarball no local data for picomatch@https://registry.npmjs.org/picomatch/-/picomatch-4.0.4.tgz. Extracting by manifest.
234 silly tarball no local data for @alloc/quick-lru@https://registry.npmjs.org/@alloc/quick-lru/-/quick-lru-5.2.0.tgz. Extracting by manifest.
235 silly tarball no local data for picomatch@https://registry.npmjs.org/picomatch/-/picomatch-4.0.4.tgz. Extracting by manifest.
236 silly tarball no local data for @vitejs/plugin-vue@https://registry.npmjs.org/@vitejs/plugin-vue/-/plugin-vue-6.0.6.tgz. Extracting by manifest.
237 http fetch GET https://registry.npmjs.org/vue-tsc/-/vue-tsc-3.2.8.tgz attempt 1 failed with ENOTFOUND
238 http fetch GET https://registry.npmjs.org/vue-router/-/vue-router-4.6.4.tgz attempt 1 failed with ENOTFOUND
239 http fetch GET https://registry.npmjs.org/vite/-/vite-7.3.3.tgz attempt 1 failed with ENOTFOUND
240 http fetch GET https://registry.npmjs.org/util-deprecate/-/util-deprecate-1.0.2.tgz attempt 1 failed with ENOTFOUND
241 http fetch GET https://registry.npmjs.org/vue/-/vue-3.5.34.tgz attempt 1 failed with ENOTFOUND
242 http fetch GET https://registry.npmjs.org/typescript/-/typescript-5.9.3.tgz attempt 1 failed with ENOTFOUND
243 http fetch GET https://registry.npmjs.org/update-browserslist-db/-/update-browserslist-db-1.2.3.tgz attempt 1 failed with ENOTFOUND
244 http fetch GET https://registry.npmjs.org/ts-interface-checker/-/ts-interface-checker-0.1.13.tgz attempt 1 failed with ENOTFOUND
245 http fetch GET https://registry.npmjs.org/thenify-all/-/thenify-all-1.6.0.tgz attempt 1 failed with ENOTFOUND
246 http fetch GET https://registry.npmjs.org/thenify/-/thenify-3.3.1.tgz attempt 1 failed with ENOTFOUND
247 http fetch GET https://registry.npmjs.org/tailwindcss/-/tailwindcss-3.4.19.tgz attempt 1 failed with ENOTFOUND
248 http fetch GET https://registry.npmjs.org/sucrase/-/sucrase-3.35.1.tgz attempt 1 failed with ENOTFOUND
249 http fetch GET https://registry.npmjs.org/supports-preserve-symlinks-flag/-/supports-preserve-symlinks-flag-1.0.0.tgz attempt 1 failed with ENOTFOUND
250 http fetch GET https://registry.npmjs.org/source-map-js/-/source-map-js-1.2.1.tgz attempt 1 failed with ENOTFOUND
251 http fetch GET https://registry.npmjs.org/run-parallel/-/run-parallel-1.2.0.tgz attempt 1 failed with ENOTFOUND
252 http fetch GET https://registry.npmjs.org/vue-tsc/-/vue-tsc-3.2.8.tgz attempt 2 failed with ENOTFOUND
253 http fetch GET https://registry.npmjs.org/vue-router/-/vue-router-4.6.4.tgz attempt 2 failed with ENOTFOUND
254 http fetch GET https://registry.npmjs.org/vite/-/vite-7.3.3.tgz attempt 2 failed with ENOTFOUND
255 http fetch GET https://registry.npmjs.org/util-deprecate/-/util-deprecate-1.0.2.tgz attempt 2 failed with ENOTFOUND
256 http fetch GET https://registry.npmjs.org/vue/-/vue-3.5.34.tgz attempt 2 failed with ENOTFOUND
257 http fetch GET https://registry.npmjs.org/typescript/-/typescript-5.9.3.tgz attempt 2 failed with ENOTFOUND
258 http fetch GET https://registry.npmjs.org/update-browserslist-db/-/update-browserslist-db-1.2.3.tgz attempt 2 failed with ENOTFOUND
259 http fetch GET https://registry.npmjs.org/ts-interface-checker/-/ts-interface-checker-0.1.13.tgz attempt 2 failed with ENOTFOUND
260 http fetch GET https://registry.npmjs.org/thenify-all/-/thenify-all-1.6.0.tgz attempt 2 failed with ENOTFOUND
261 http fetch GET https://registry.npmjs.org/thenify/-/thenify-3.3.1.tgz attempt 2 failed with ENOTFOUND
262 http fetch GET https://registry.npmjs.org/tailwindcss/-/tailwindcss-3.4.19.tgz attempt 2 failed with ENOTFOUND
263 http fetch GET https://registry.npmjs.org/sucrase/-/sucrase-3.35.1.tgz attempt 2 failed with ENOTFOUND
264 http fetch GET https://registry.npmjs.org/supports-preserve-symlinks-flag/-/supports-preserve-symlinks-flag-1.0.0.tgz attempt 2 failed with ENOTFOUND
265 http fetch GET https://registry.npmjs.org/source-map-js/-/source-map-js-1.2.1.tgz attempt 2 failed with ENOTFOUND
266 http fetch GET https://registry.npmjs.org/run-parallel/-/run-parallel-1.2.0.tgz attempt 2 failed with ENOTFOUND
267 http fetch GET https://registry.npmjs.org/vue-tsc/-/vue-tsc-3.2.8.tgz attempt 3 failed with ENOTFOUND
268 http fetch GET https://registry.npmjs.org/vue-router/-/vue-router-4.6.4.tgz attempt 3 failed with ENOTFOUND
269 http fetch GET https://registry.npmjs.org/vite/-/vite-7.3.3.tgz attempt 3 failed with ENOTFOUND
270 http fetch GET https://registry.npmjs.org/util-deprecate/-/util-deprecate-1.0.2.tgz attempt 3 failed with ENOTFOUND
271 http fetch GET https://registry.npmjs.org/vue/-/vue-3.5.34.tgz attempt 3 failed with ENOTFOUND
272 http fetch GET https://registry.npmjs.org/typescript/-/typescript-5.9.3.tgz attempt 3 failed with ENOTFOUND
273 http fetch GET https://registry.npmjs.org/update-browserslist-db/-/update-browserslist-db-1.2.3.tgz attempt 3 failed with ENOTFOUND
274 http fetch GET https://registry.npmjs.org/ts-interface-checker/-/ts-interface-checker-0.1.13.tgz attempt 3 failed with ENOTFOUND
275 http fetch GET https://registry.npmjs.org/thenify-all/-/thenify-all-1.6.0.tgz attempt 3 failed with ENOTFOUND
276 http fetch GET https://registry.npmjs.org/thenify/-/thenify-3.3.1.tgz attempt 3 failed with ENOTFOUND
277 http fetch GET https://registry.npmjs.org/tailwindcss/-/tailwindcss-3.4.19.tgz attempt 3 failed with ENOTFOUND
278 http fetch GET https://registry.npmjs.org/sucrase/-/sucrase-3.35.1.tgz attempt 3 failed with ENOTFOUND
279 http fetch GET https://registry.npmjs.org/supports-preserve-symlinks-flag/-/supports-preserve-symlinks-flag-1.0.0.tgz attempt 3 failed with ENOTFOUND
280 http fetch GET https://registry.npmjs.org/source-map-js/-/source-map-js-1.2.1.tgz attempt 3 failed with ENOTFOUND
281 http fetch GET https://registry.npmjs.org/run-parallel/-/run-parallel-1.2.0.tgz attempt 3 failed with ENOTFOUND
282 verbose cwd /Users/fakhrirasyids/Documents/Projects/Repo/Jalan Overseas Project/Jalan Overseas Admin Panel - Vue
283 verbose os Darwin 24.1.0
284 verbose node v22.12.0
285 verbose npm  v10.9.0
286 error Exit handler never called!
287 error This is an error with npm itself. Please report this error at:
288 error   <https://github.com/npm/cli/issues>
289 verbose exit 1
290 verbose code 1
291 error A complete log of this run can be found in: /Users/fakhrirasyids/Documents/Projects/Repo/Jalan Overseas Project/Jalan Overseas Admin Panel - Vue/.npm-cache/_logs/2026-05-07T19_34_39_088Z-debug-0.log
