0 verbose cli /usr/local/bin/node /usr/local/bin/npm
1 info using npm@10.9.0
2 info using node@v22.12.0
3 silly config load:file:/usr/local/lib/node_modules/npm/npmrc
4 silly config load:file:/Users/fakhrirasyids/Documents/Projects/Repo/Jalan Overseas Project/Jalan Overseas Admin Panel - Vue/.npmrc
5 silly config load:file:/Users/fakhrirasyids/.npmrc
6 silly config load:file:/usr/local/etc/npmrc
7 verbose title npm ci
8 verbose argv "ci" "--cache" "./.npm-cache" "--no-audit" "--no-fund"
9 verbose logfile logs-max:10 dir:/Users/fakhrirasyids/Documents/Projects/Repo/Jalan Overseas Project/Jalan Overseas Admin Panel - Vue/.npm-cache/_logs/2026-05-07T19_36_39_704Z-
10 verbose logfile /Users/fakhrirasyids/Documents/Projects/Repo/Jalan Overseas Project/Jalan Overseas Admin Panel - Vue/.npm-cache/_logs/2026-05-07T19_36_39_704Z-debug-0.log
11 silly logfile done cleaning log files
12 silly packumentCache heap:4345298944 maxSize:1086324736 maxEntrySize:543162368
13 silly idealTree buildDeps
14 silly reify moves {}
15 verbose reify failed optional dependency /Users/fakhrirasyids/Documents/Projects/Repo/Jalan Overseas Project/Jalan Overseas Admin Panel - Vue/node_modules/@rollup/rollup-win32-x64-msvc
16 silly reify mark deleted [
16 silly reify   '/Users/fakhrirasyids/Documents/Projects/Repo/Jalan Overseas Project/Jalan Overseas Admin Panel - Vue/node_modules/@rollup/rollup-win32-x64-msvc'
16 silly reify ]
17 verbose reify failed optional dependency /Users/fakhrirasyids/Documents/Projects/Repo/Jalan Overseas Project/Jalan Overseas Admin Panel - Vue/node_modules/@rollup/rollup-win32-x64-gnu
18 silly reify mark deleted [
18 silly reify   '/Users/fakhrirasyids/Documents/Projects/Repo/Jalan Overseas Project/Jalan Overseas Admin Panel - Vue/node_modules/@rollup/rollup-win32-x64-gnu'
18 silly reify ]
19 verbose reify failed optional dependency /Users/fakhrirasyids/Documents/Projects/Repo/Jalan Overseas Project/Jalan Overseas Admin Panel - Vue/node_modules/@rollup/rollup-win32-ia32-msvc
20 silly reify mark deleted [
20 silly reify   '/Users/fakhrirasyids/Documents/Projects/Repo/Jalan Overseas Project/Jalan Overseas Admin Panel - Vue/node_modules/@rollup/rollup-win32-ia32-msvc'
20 silly reify ]
21 verbose reify failed optional dependency /Users/fakhrirasyids/Documents/Projects/Repo/Jalan Overseas Project/Jalan Overseas Admin Panel - Vue/node_modules/@rollup/rollup-win32-arm64-msvc
22 silly reify mark deleted [
22 silly reify   '/Users/fakhrirasyids/Documents/Projects/Repo/Jalan Overseas Project/Jalan Overseas Admin Panel - Vue/node_modules/@rollup/rollup-win32-arm64-msvc'
22 silly reify ]
23 verbose reify failed optional dependency /Users/fakhrirasyids/Documents/Projects/Repo/Jalan Overseas Project/Jalan Overseas Admin Panel - Vue/node_modules/@rollup/rollup-openharmony-arm64
24 silly reify mark deleted [
24 silly reify   '/Users/fakhrirasyids/Documents/Projects/Repo/Jalan Overseas Project/Jalan Overseas Admin Panel - Vue/node_modules/@rollup/rollup-openharmony-arm64'
24 silly reify ]
25 verbose reify failed optional dependency /Users/fakhrirasyids/Documents/Projects/Repo/Jalan Overseas Project/Jalan Overseas Admin Panel - Vue/node_modules/@rollup/rollup-openbsd-x64
26 silly reify mark deleted [
26 silly reify   '/Users/fakhrirasyids/Documents/Projects/Repo/Jalan Overseas Project/Jalan Overseas Admin Panel - Vue/node_modules/@rollup/rollup-openbsd-x64'
26 silly reify ]
27 verbose reify failed optional dependency /Users/fakhrirasyids/Documents/Projects/Repo/Jalan Overseas Project/Jalan Overseas Admin Panel - Vue/node_modules/@rollup/rollup-linux-x64-musl
28 silly reify mark deleted [
28 silly reify   '/Users/fakhrirasyids/Documents/Projects/Repo/Jalan Overseas Project/Jalan Overseas Admin Panel - Vue/node_modules/@rollup/rollup-linux-x64-musl'
28 silly reify ]
29 verbose reify failed optional dependency /Users/fakhrirasyids/Documents/Projects/Repo/Jalan Overseas Project/Jalan Overseas Admin Panel - Vue/node_modules/@rollup/rollup-linux-x64-gnu
30 silly reify mark deleted [
30 silly reify   '/Users/fakhrirasyids/Documents/Projects/Repo/Jalan Overseas Project/Jalan Overseas Admin Panel - Vue/node_modules/@rollup/rollup-linux-x64-gnu'
30 silly reify ]
31 verbose reify failed optional dependency /Users/fakhrirasyids/Documents/Projects/Repo/Jalan Overseas Project/Jalan Overseas Admin Panel - Vue/node_modules/@rollup/rollup-linux-s390x-gnu
32 silly reify mark deleted [
32 silly reify   '/Users/fakhrirasyids/Documents/Projects/Repo/Jalan Overseas Project/Jalan Overseas Admin Panel - Vue/node_modules/@rollup/rollup-linux-s390x-gnu'
32 silly reify ]
33 verbose reify failed optional dependency /Users/fakhrirasyids/Documents/Projects/Repo/Jalan Overseas Project/Jalan Overseas Admin Panel - Vue/node_modules/@rollup/rollup-linux-riscv64-musl
34 silly reify mark deleted [
34 silly reify   '/Users/fakhrirasyids/Documents/Projects/Repo/Jalan Overseas Project/Jalan Overseas Admin Panel - Vue/node_modules/@rollup/rollup-linux-riscv64-musl'
34 silly reify ]
35 verbose reify failed optional dependency /Users/fakhrirasyids/Documents/Projects/Repo/Jalan Overseas Project/Jalan Overseas Admin Panel - Vue/node_modules/@rollup/rollup-linux-riscv64-gnu
36 silly reify mark deleted [
36 silly reify   '/Users/fakhrirasyids/Documents/Projects/Repo/Jalan Overseas Project/Jalan Overseas Admin Panel - Vue/node_modules/@rollup/rollup-linux-riscv64-gnu'
36 silly reify ]
37 verbose reify failed optional dependency /Users/fakhrirasyids/Documents/Projects/Repo/Jalan Overseas Project/Jalan Overseas Admin Panel - Vue/node_modules/@rollup/rollup-linux-ppc64-musl
38 silly reify mark deleted [
38 silly reify   '/Users/fakhrirasyids/Documents/Projects/Repo/Jalan Overseas Project/Jalan Overseas Admin Panel - Vue/node_modules/@rollup/rollup-linux-ppc64-musl'
38 silly reify ]
39 verbose reify failed optional dependency /Users/fakhrirasyids/Documents/Projects/Repo/Jalan Overseas Project/Jalan Overseas Admin Panel - Vue/node_modules/@rollup/rollup-linux-ppc64-gnu
40 silly reify mark deleted [
40 silly reify   '/Users/fakhrirasyids/Documents/Projects/Repo/Jalan Overseas Project/Jalan Overseas Admin Panel - Vue/node_modules/@rollup/rollup-linux-ppc64-gnu'
40 silly reify ]
41 verbose reify failed optional dependency /Users/fakhrirasyids/Documents/Projects/Repo/Jalan Overseas Project/Jalan Overseas Admin Panel - Vue/node_modules/@rollup/rollup-linux-loong64-musl
42 silly reify mark deleted [
42 silly reify   '/Users/fakhrirasyids/Documents/Projects/Repo/Jalan Overseas Project/Jalan Overseas Admin Panel - Vue/node_modules/@rollup/rollup-linux-loong64-musl'
42 silly reify ]
43 verbose reify failed optional dependency /Users/fakhrirasyids/Documents/Projects/Repo/Jalan Overseas Project/Jalan Overseas Admin Panel - Vue/node_modules/@rollup/rollup-linux-loong64-gnu
44 silly reify mark deleted [
44 silly reify   '/Users/fakhrirasyids/Documents/Projects/Repo/Jalan Overseas Project/Jalan Overseas Admin Panel - Vue/node_modules/@rollup/rollup-linux-loong64-gnu'
44 silly reify ]
45 verbose reify failed optional dependency /Users/fakhrirasyids/Documents/Projects/Repo/Jalan Overseas Project/Jalan Overseas Admin Panel - Vue/node_modules/@rollup/rollup-linux-arm64-musl
46 silly reify mark deleted [
46 silly reify   '/Users/fakhrirasyids/Documents/Projects/Repo/Jalan Overseas Project/Jalan Overseas Admin Panel - Vue/node_modules/@rollup/rollup-linux-arm64-musl'
46 silly reify ]
47 verbose reify failed optional dependency /Users/fakhrirasyids/Documents/Projects/Repo/Jalan Overseas Project/Jalan Overseas Admin Panel - Vue/node_modules/@rollup/rollup-linux-arm64-gnu
48 silly reify mark deleted [
48 silly reify   '/Users/fakhrirasyids/Documents/Projects/Repo/Jalan Overseas Project/Jalan Overseas Admin Panel - Vue/node_modules/@rollup/rollup-linux-arm64-gnu'
48 silly reify ]
49 verbose reify failed optional dependency /Users/fakhrirasyids/Documents/Projects/Repo/Jalan Overseas Project/Jalan Overseas Admin Panel - Vue/node_modules/@rollup/rollup-linux-arm-musleabihf
50 silly reify mark deleted [
50 silly reify   '/Users/fakhrirasyids/Documents/Projects/Repo/Jalan Overseas Project/Jalan Overseas Admin Panel - Vue/node_modules/@rollup/rollup-linux-arm-musleabihf'
50 silly reify ]
51 verbose reify failed optional dependency /Users/fakhrirasyids/Documents/Projects/Repo/Jalan Overseas Project/Jalan Overseas Admin Panel - Vue/node_modules/@rollup/rollup-linux-arm-gnueabihf
52 silly reify mark deleted [
52 silly reify   '/Users/fakhrirasyids/Documents/Projects/Repo/Jalan Overseas Project/Jalan Overseas Admin Panel - Vue/node_modules/@rollup/rollup-linux-arm-gnueabihf'
52 silly reify ]
53 verbose reify failed optional dependency /Users/fakhrirasyids/Documents/Projects/Repo/Jalan Overseas Project/Jalan Overseas Admin Panel - Vue/node_modules/@rollup/rollup-freebsd-x64
54 silly reify mark deleted [
54 silly reify   '/Users/fakhrirasyids/Documents/Projects/Repo/Jalan Overseas Project/Jalan Overseas Admin Panel - Vue/node_modules/@rollup/rollup-freebsd-x64'
54 silly reify ]
55 verbose reify failed optional dependency /Users/fakhrirasyids/Documents/Projects/Repo/Jalan Overseas Project/Jalan Overseas Admin Panel - Vue/node_modules/@rollup/rollup-freebsd-arm64
56 silly reify mark deleted [
56 silly reify   '/Users/fakhrirasyids/Documents/Projects/Repo/Jalan Overseas Project/Jalan Overseas Admin Panel - Vue/node_modules/@rollup/rollup-freebsd-arm64'
56 silly reify ]
57 verbose reify failed optional dependency /Users/fakhrirasyids/Documents/Projects/Repo/Jalan Overseas Project/Jalan Overseas Admin Panel - Vue/node_modules/@rollup/rollup-darwin-x64
58 silly reify mark deleted [
58 silly reify   '/Users/fakhrirasyids/Documents/Projects/Repo/Jalan Overseas Project/Jalan Overseas Admin Panel - Vue/node_modules/@rollup/rollup-darwin-x64'
58 silly reify ]
59 verbose reify failed optional dependency /Users/fakhrirasyids/Documents/Projects/Repo/Jalan Overseas Project/Jalan Overseas Admin Panel - Vue/node_modules/@rollup/rollup-android-arm64
60 silly reify mark deleted [
60 silly reify   '/Users/fakhrirasyids/Documents/Projects/Repo/Jalan Overseas Project/Jalan Overseas Admin Panel - Vue/node_modules/@rollup/rollup-android-arm64'
60 silly reify ]
61 verbose reify failed optional dependency /Users/fakhrirasyids/Documents/Projects/Repo/Jalan Overseas Project/Jalan Overseas Admin Panel - Vue/node_modules/@rollup/rollup-android-arm-eabi
62 silly reify mark deleted [
62 silly reify   '/Users/fakhrirasyids/Documents/Projects/Repo/Jalan Overseas Project/Jalan Overseas Admin Panel - Vue/node_modules/@rollup/rollup-android-arm-eabi'
62 silly reify ]
63 verbose reify failed optional dependency /Users/fakhrirasyids/Documents/Projects/Repo/Jalan Overseas Project/Jalan Overseas Admin Panel - Vue/node_modules/@esbuild/win32-x64
64 silly reify mark deleted [
64 silly reify   '/Users/fakhrirasyids/Documents/Projects/Repo/Jalan Overseas Project/Jalan Overseas Admin Panel - Vue/node_modules/@esbuild/win32-x64'
64 silly reify ]
65 verbose reify failed optional dependency /Users/fakhrirasyids/Documents/Projects/Repo/Jalan Overseas Project/Jalan Overseas Admin Panel - Vue/node_modules/@esbuild/win32-ia32
66 silly reify mark deleted [
66 silly reify   '/Users/fakhrirasyids/Documents/Projects/Repo/Jalan Overseas Project/Jalan Overseas Admin Panel - Vue/node_modules/@esbuild/win32-ia32'
66 silly reify ]
67 verbose reify failed optional dependency /Users/fakhrirasyids/Documents/Projects/Repo/Jalan Overseas Project/Jalan Overseas Admin Panel - Vue/node_modules/@esbuild/win32-arm64
68 silly reify mark deleted [
68 silly reify   '/Users/fakhrirasyids/Documents/Projects/Repo/Jalan Overseas Project/Jalan Overseas Admin Panel - Vue/node_modules/@esbuild/win32-arm64'
68 silly reify ]
69 verbose reify failed optional dependency /Users/fakhrirasyids/Documents/Projects/Repo/Jalan Overseas Project/Jalan Overseas Admin Panel - Vue/node_modules/@esbuild/sunos-x64
70 silly reify mark deleted [
70 silly reify   '/Users/fakhrirasyids/Documents/Projects/Repo/Jalan Overseas Project/Jalan Overseas Admin Panel - Vue/node_modules/@esbuild/sunos-x64'
70 silly reify ]
71 verbose reify failed optional dependency /Users/fakhrirasyids/Documents/Projects/Repo/Jalan Overseas Project/Jalan Overseas Admin Panel - Vue/node_modules/@esbuild/openharmony-arm64
72 silly reify mark deleted [
72 silly reify   '/Users/fakhrirasyids/Documents/Projects/Repo/Jalan Overseas Project/Jalan Overseas Admin Panel - Vue/node_modules/@esbuild/openharmony-arm64'
72 silly reify ]
73 verbose reify failed optional dependency /Users/fakhrirasyids/Documents/Projects/Repo/Jalan Overseas Project/Jalan Overseas Admin Panel - Vue/node_modules/@esbuild/openbsd-x64
74 silly reify mark deleted [
74 silly reify   '/Users/fakhrirasyids/Documents/Projects/Repo/Jalan Overseas Project/Jalan Overseas Admin Panel - Vue/node_modules/@esbuild/openbsd-x64'
74 silly reify ]
75 verbose reify failed optional dependency /Users/fakhrirasyids/Documents/Projects/Repo/Jalan Overseas Project/Jalan Overseas Admin Panel - Vue/node_modules/@esbuild/openbsd-arm64
76 silly reify mark deleted [
76 silly reify   '/Users/fakhrirasyids/Documents/Projects/Repo/Jalan Overseas Project/Jalan Overseas Admin Panel - Vue/node_modules/@esbuild/openbsd-arm64'
76 silly reify ]
77 verbose reify failed optional dependency /Users/fakhrirasyids/Documents/Projects/Repo/Jalan Overseas Project/Jalan Overseas Admin Panel - Vue/node_modules/@esbuild/netbsd-x64
78 silly reify mark deleted [
78 silly reify   '/Users/fakhrirasyids/Documents/Projects/Repo/Jalan Overseas Project/Jalan Overseas Admin Panel - Vue/node_modules/@esbuild/netbsd-x64'
78 silly reify ]
79 verbose reify failed optional dependency /Users/fakhrirasyids/Documents/Projects/Repo/Jalan Overseas Project/Jalan Overseas Admin Panel - Vue/node_modules/@esbuild/netbsd-arm64
80 silly reify mark deleted [
80 silly reify   '/Users/fakhrirasyids/Documents/Projects/Repo/Jalan Overseas Project/Jalan Overseas Admin Panel - Vue/node_modules/@esbuild/netbsd-arm64'
80 silly reify ]
81 verbose reify failed optional dependency /Users/fakhrirasyids/Documents/Projects/Repo/Jalan Overseas Project/Jalan Overseas Admin Panel - Vue/node_modules/@esbuild/linux-x64
82 silly reify mark deleted [
82 silly reify   '/Users/fakhrirasyids/Documents/Projects/Repo/Jalan Overseas Project/Jalan Overseas Admin Panel - Vue/node_modules/@esbuild/linux-x64'
82 silly reify ]
83 verbose reify failed optional dependency /Users/fakhrirasyids/Documents/Projects/Repo/Jalan Overseas Project/Jalan Overseas Admin Panel - Vue/node_modules/@esbuild/linux-s390x
84 silly reify mark deleted [
84 silly reify   '/Users/fakhrirasyids/Documents/Projects/Repo/Jalan Overseas Project/Jalan Overseas Admin Panel - Vue/node_modules/@esbuild/linux-s390x'
84 silly reify ]
85 verbose reify failed optional dependency /Users/fakhrirasyids/Documents/Projects/Repo/Jalan Overseas Project/Jalan Overseas Admin Panel - Vue/node_modules/@esbuild/linux-riscv64
86 silly reify mark deleted [
86 silly reify   '/Users/fakhrirasyids/Documents/Projects/Repo/Jalan Overseas Project/Jalan Overseas Admin Panel - Vue/node_modules/@esbuild/linux-riscv64'
86 silly reify ]
87 verbose reify failed optional dependency /Users/fakhrirasyids/Documents/Projects/Repo/Jalan Overseas Project/Jalan Overseas Admin Panel - Vue/node_modules/@esbuild/linux-ppc64
88 silly reify mark deleted [
88 silly reify   '/Users/fakhrirasyids/Documents/Projects/Repo/Jalan Overseas Project/Jalan Overseas Admin Panel - Vue/node_modules/@esbuild/linux-ppc64'
88 silly reify ]
89 verbose reify failed optional dependency /Users/fakhrirasyids/Documents/Projects/Repo/Jalan Overseas Project/Jalan Overseas Admin Panel - Vue/node_modules/@esbuild/linux-mips64el
90 silly reify mark deleted [
90 silly reify   '/Users/fakhrirasyids/Documents/Projects/Repo/Jalan Overseas Project/Jalan Overseas Admin Panel - Vue/node_modules/@esbuild/linux-mips64el'
90 silly reify ]
91 verbose reify failed optional dependency /Users/fakhrirasyids/Documents/Projects/Repo/Jalan Overseas Project/Jalan Overseas Admin Panel - Vue/node_modules/@esbuild/linux-loong64
92 silly reify mark deleted [
92 silly reify   '/Users/fakhrirasyids/Documents/Projects/Repo/Jalan Overseas Project/Jalan Overseas Admin Panel - Vue/node_modules/@esbuild/linux-loong64'
92 silly reify ]
93 verbose reify failed optional dependency /Users/fakhrirasyids/Documents/Projects/Repo/Jalan Overseas Project/Jalan Overseas Admin Panel - Vue/node_modules/@esbuild/linux-ia32
94 silly reify mark deleted [
94 silly reify   '/Users/fakhrirasyids/Documents/Projects/Repo/Jalan Overseas Project/Jalan Overseas Admin Panel - Vue/node_modules/@esbuild/linux-ia32'
94 silly reify ]
95 verbose reify failed optional dependency /Users/fakhrirasyids/Documents/Projects/Repo/Jalan Overseas Project/Jalan Overseas Admin Panel - Vue/node_modules/@esbuild/linux-arm64
96 silly reify mark deleted [
96 silly reify   '/Users/fakhrirasyids/Documents/Projects/Repo/Jalan Overseas Project/Jalan Overseas Admin Panel - Vue/node_modules/@esbuild/linux-arm64'
96 silly reify ]
97 verbose reify failed optional dependency /Users/fakhrirasyids/Documents/Projects/Repo/Jalan Overseas Project/Jalan Overseas Admin Panel - Vue/node_modules/@esbuild/linux-arm
98 silly reify mark deleted [
98 silly reify   '/Users/fakhrirasyids/Documents/Projects/Repo/Jalan Overseas Project/Jalan Overseas Admin Panel - Vue/node_modules/@esbuild/linux-arm'
98 silly reify ]
99 verbose reify failed optional dependency /Users/fakhrirasyids/Documents/Projects/Repo/Jalan Overseas Project/Jalan Overseas Admin Panel - Vue/node_modules/@esbuild/freebsd-x64
100 silly reify mark deleted [
100 silly reify   '/Users/fakhrirasyids/Documents/Projects/Repo/Jalan Overseas Project/Jalan Overseas Admin Panel - Vue/node_modules/@esbuild/freebsd-x64'
100 silly reify ]
101 verbose reify failed optional dependency /Users/fakhrirasyids/Documents/Projects/Repo/Jalan Overseas Project/Jalan Overseas Admin Panel - Vue/node_modules/@esbuild/freebsd-arm64
102 silly reify mark deleted [
102 silly reify   '/Users/fakhrirasyids/Documents/Projects/Repo/Jalan Overseas Project/Jalan Overseas Admin Panel - Vue/node_modules/@esbuild/freebsd-arm64'
102 silly reify ]
103 verbose reify failed optional dependency /Users/fakhrirasyids/Documents/Projects/Repo/Jalan Overseas Project/Jalan Overseas Admin Panel - Vue/node_modules/@esbuild/darwin-x64
104 silly reify mark deleted [
104 silly reify   '/Users/fakhrirasyids/Documents/Projects/Repo/Jalan Overseas Project/Jalan Overseas Admin Panel - Vue/node_modules/@esbuild/darwin-x64'
104 silly reify ]
105 verbose reify failed optional dependency /Users/fakhrirasyids/Documents/Projects/Repo/Jalan Overseas Project/Jalan Overseas Admin Panel - Vue/node_modules/@esbuild/android-x64
106 silly reify mark deleted [
106 silly reify   '/Users/fakhrirasyids/Documents/Projects/Repo/Jalan Overseas Project/Jalan Overseas Admin Panel - Vue/node_modules/@esbuild/android-x64'
106 silly reify ]
107 verbose reify failed optional dependency /Users/fakhrirasyids/Documents/Projects/Repo/Jalan Overseas Project/Jalan Overseas Admin Panel - Vue/node_modules/@esbuild/android-arm64
108 silly reify mark deleted [
108 silly reify   '/Users/fakhrirasyids/Documents/Projects/Repo/Jalan Overseas Project/Jalan Overseas Admin Panel - Vue/node_modules/@esbuild/android-arm64'
108 silly reify ]
109 verbose reify failed optional dependency /Users/fakhrirasyids/Documents/Projects/Repo/Jalan Overseas Project/Jalan Overseas Admin Panel - Vue/node_modules/@esbuild/android-arm
110 silly reify mark deleted [
110 silly reify   '/Users/fakhrirasyids/Documents/Projects/Repo/Jalan Overseas Project/Jalan Overseas Admin Panel - Vue/node_modules/@esbuild/android-arm'
110 silly reify ]
111 verbose reify failed optional dependency /Users/fakhrirasyids/Documents/Projects/Repo/Jalan Overseas Project/Jalan Overseas Admin Panel - Vue/node_modules/@esbuild/aix-ppc64
112 silly reify mark deleted [
112 silly reify   '/Users/fakhrirasyids/Documents/Projects/Repo/Jalan Overseas Project/Jalan Overseas Admin Panel - Vue/node_modules/@esbuild/aix-ppc64'
112 silly reify ]
113 silly tarball no local data for vue-router@https://registry.npmjs.org/vue-router/-/vue-router-4.6.4.tgz. Extracting by manifest.
114 silly tarball no local data for vue-tsc@https://registry.npmjs.org/vue-tsc/-/vue-tsc-3.2.8.tgz. Extracting by manifest.
115 silly tarball no local data for vue@https://registry.npmjs.org/vue/-/vue-3.5.34.tgz. Extracting by manifest.
116 silly tarball no local data for vite@https://registry.npmjs.org/vite/-/vite-7.3.3.tgz. Extracting by manifest.
117 silly tarball no local data for util-deprecate@https://registry.npmjs.org/util-deprecate/-/util-deprecate-1.0.2.tgz. Extracting by manifest.
118 silly tarball no local data for update-browserslist-db@https://registry.npmjs.org/update-browserslist-db/-/update-browserslist-db-1.2.3.tgz. Extracting by manifest.
119 silly tarball no local data for vscode-uri@https://registry.npmjs.org/vscode-uri/-/vscode-uri-3.1.0.tgz. Extracting by manifest.
120 silly tarball no local data for typescript@https://registry.npmjs.org/typescript/-/typescript-5.9.3.tgz. Extracting by manifest.
121 silly tarball no local data for ts-interface-checker@https://registry.npmjs.org/ts-interface-checker/-/ts-interface-checker-0.1.13.tgz. Extracting by manifest.
122 silly tarball no local data for to-regex-range@https://registry.npmjs.org/to-regex-range/-/to-regex-range-5.0.1.tgz. Extracting by manifest.
123 silly tarball no local data for tinyglobby@https://registry.npmjs.org/tinyglobby/-/tinyglobby-0.2.16.tgz. Extracting by manifest.
124 silly tarball no local data for thenify@https://registry.npmjs.org/thenify/-/thenify-3.3.1.tgz. Extracting by manifest.
125 silly tarball no local data for thenify-all@https://registry.npmjs.org/thenify-all/-/thenify-all-1.6.0.tgz. Extracting by manifest.
126 silly tarball no local data for source-map-js@https://registry.npmjs.org/source-map-js/-/source-map-js-1.2.1.tgz. Extracting by manifest.
127 silly tarball no local data for tailwindcss@https://registry.npmjs.org/tailwindcss/-/tailwindcss-3.4.19.tgz. Extracting by manifest.
128 silly tarball no local data for run-parallel@https://registry.npmjs.org/run-parallel/-/run-parallel-1.2.0.tgz. Extracting by manifest.
129 silly tarball no local data for resolve@https://registry.npmjs.org/resolve/-/resolve-1.22.12.tgz. Extracting by manifest.
130 silly tarball no local data for readdirp@https://registry.npmjs.org/readdirp/-/readdirp-3.6.0.tgz. Extracting by manifest.
131 silly tarball no local data for sucrase@https://registry.npmjs.org/sucrase/-/sucrase-3.35.1.tgz. Extracting by manifest.
132 silly tarball no local data for queue-microtask@https://registry.npmjs.org/queue-microtask/-/queue-microtask-1.2.3.tgz. Extracting by manifest.
133 silly tarball no local data for rollup@https://registry.npmjs.org/rollup/-/rollup-4.60.3.tgz. Extracting by manifest.
134 silly tarball no local data for postcss-value-parser@https://registry.npmjs.org/postcss-value-parser/-/postcss-value-parser-4.2.0.tgz. Extracting by manifest.
135 silly tarball no local data for postcss-nested@https://registry.npmjs.org/postcss-nested/-/postcss-nested-6.2.0.tgz. Extracting by manifest.
136 silly tarball no local data for read-cache@https://registry.npmjs.org/read-cache/-/read-cache-1.0.0.tgz. Extracting by manifest.
137 silly tarball no local data for postcss-selector-parser@https://registry.npmjs.org/postcss-selector-parser/-/postcss-selector-parser-6.1.2.tgz. Extracting by manifest.
138 silly tarball no local data for postcss-load-config@https://registry.npmjs.org/postcss-load-config/-/postcss-load-config-6.0.1.tgz. Extracting by manifest.
139 silly tarball no local data for supports-preserve-symlinks-flag@https://registry.npmjs.org/supports-preserve-symlinks-flag/-/supports-preserve-symlinks-flag-1.0.0.tgz. Extracting by manifest.
140 silly tarball no local data for postcss-js@https://registry.npmjs.org/postcss-js/-/postcss-js-4.1.0.tgz. Extracting by manifest.
141 silly tarball no local data for reusify@https://registry.npmjs.org/reusify/-/reusify-1.1.0.tgz. Extracting by manifest.
142 silly tarball no local data for postcss@https://registry.npmjs.org/postcss/-/postcss-8.5.14.tgz. Extracting by manifest.
143 silly tarball no local data for postcss-import@https://registry.npmjs.org/postcss-import/-/postcss-import-15.1.0.tgz. Extracting by manifest.
144 silly tarball no local data for picocolors@https://registry.npmjs.org/picocolors/-/picocolors-1.1.1.tgz. Extracting by manifest.
145 silly tarball no local data for pify@https://registry.npmjs.org/pify/-/pify-2.3.0.tgz. Extracting by manifest.
146 silly tarball no local data for pirates@https://registry.npmjs.org/pirates/-/pirates-4.0.7.tgz. Extracting by manifest.
147 silly tarball no local data for picomatch@https://registry.npmjs.org/picomatch/-/picomatch-2.3.2.tgz. Extracting by manifest.
148 silly tarball no local data for object-assign@https://registry.npmjs.org/object-assign/-/object-assign-4.1.1.tgz. Extracting by manifest.
149 silly tarball no local data for path-browserify@https://registry.npmjs.org/path-browserify/-/path-browserify-1.0.1.tgz. Extracting by manifest.
150 silly tarball no local data for normalize-path@https://registry.npmjs.org/normalize-path/-/normalize-path-3.0.0.tgz. Extracting by manifest.
151 silly tarball no local data for object-hash@https://registry.npmjs.org/object-hash/-/object-hash-3.0.0.tgz. Extracting by manifest.
152 silly tarball no local data for mz@https://registry.npmjs.org/mz/-/mz-2.7.0.tgz. Extracting by manifest.
153 silly tarball no local data for muggle-string@https://registry.npmjs.org/muggle-string/-/muggle-string-0.4.1.tgz. Extracting by manifest.
154 silly tarball no local data for nanoid@https://registry.npmjs.org/nanoid/-/nanoid-3.3.12.tgz. Extracting by manifest.
155 silly tarball no local data for merge2@https://registry.npmjs.org/merge2/-/merge2-1.4.1.tgz. Extracting by manifest.
156 silly tarball no local data for lines-and-columns@https://registry.npmjs.org/lines-and-columns/-/lines-and-columns-1.2.4.tgz. Extracting by manifest.
157 silly tarball no local data for lilconfig@https://registry.npmjs.org/lilconfig/-/lilconfig-3.1.3.tgz. Extracting by manifest.
158 silly tarball no local data for node-releases@https://registry.npmjs.org/node-releases/-/node-releases-2.0.38.tgz. Extracting by manifest.
159 silly tarball no local data for magic-string@https://registry.npmjs.org/magic-string/-/magic-string-0.30.21.tgz. Extracting by manifest.
160 silly tarball no local data for is-glob@https://registry.npmjs.org/is-glob/-/is-glob-4.0.3.tgz. Extracting by manifest.
161 silly tarball no local data for micromatch@https://registry.npmjs.org/micromatch/-/micromatch-4.0.8.tgz. Extracting by manifest.
162 silly tarball no local data for is-core-module@https://registry.npmjs.org/is-core-module/-/is-core-module-2.16.2.tgz. Extracting by manifest.
163 silly tarball no local data for is-extglob@https://registry.npmjs.org/is-extglob/-/is-extglob-2.1.1.tgz. Extracting by manifest.
164 silly tarball no local data for is-number@https://registry.npmjs.org/is-number/-/is-number-7.0.0.tgz. Extracting by manifest.
165 silly tarball no local data for jiti@https://registry.npmjs.org/jiti/-/jiti-1.21.7.tgz. Extracting by manifest.
166 silly tarball no local data for hasown@https://registry.npmjs.org/hasown/-/hasown-2.0.3.tgz. Extracting by manifest.
167 silly tarball no local data for fsevents@https://registry.npmjs.org/fsevents/-/fsevents-2.3.3.tgz. Extracting by manifest.
168 silly tarball no local data for is-binary-path@https://registry.npmjs.org/is-binary-path/-/is-binary-path-2.1.0.tgz. Extracting by manifest.
169 silly tarball no local data for fill-range@https://registry.npmjs.org/fill-range/-/fill-range-7.1.1.tgz. Extracting by manifest.
170 silly tarball no local data for fraction.js@https://registry.npmjs.org/fraction.js/-/fraction.js-5.3.4.tgz. Extracting by manifest.
171 silly tarball no local data for fastq@https://registry.npmjs.org/fastq/-/fastq-1.20.1.tgz. Extracting by manifest.
172 silly tarball no local data for path-parse@https://registry.npmjs.org/path-parse/-/path-parse-1.0.7.tgz. Extracting by manifest.
173 silly tarball no local data for function-bind@https://registry.npmjs.org/function-bind/-/function-bind-1.1.2.tgz. Extracting by manifest.
174 silly tarball no local data for es-errors@https://registry.npmjs.org/es-errors/-/es-errors-1.3.0.tgz. Extracting by manifest.
175 silly tarball no local data for estree-walker@https://registry.npmjs.org/estree-walker/-/estree-walker-2.0.2.tgz. Extracting by manifest.
176 silly tarball no local data for fast-glob@https://registry.npmjs.org/fast-glob/-/fast-glob-3.3.3.tgz. Extracting by manifest.
177 silly tarball no local data for glob-parent@https://registry.npmjs.org/glob-parent/-/glob-parent-6.0.2.tgz. Extracting by manifest.
178 silly tarball no local data for entities@https://registry.npmjs.org/entities/-/entities-7.0.1.tgz. Extracting by manifest.
179 silly tarball no local data for dlv@https://registry.npmjs.org/dlv/-/dlv-1.1.3.tgz. Extracting by manifest.
180 silly tarball no local data for esbuild@https://registry.npmjs.org/esbuild/-/esbuild-0.27.7.tgz. Extracting by manifest.
181 silly tarball no local data for csstype@https://registry.npmjs.org/csstype/-/csstype-3.2.3.tgz. Extracting by manifest.
182 silly tarball no local data for commander@https://registry.npmjs.org/commander/-/commander-4.1.1.tgz. Extracting by manifest.
183 silly tarball no local data for chokidar@https://registry.npmjs.org/chokidar/-/chokidar-3.6.0.tgz. Extracting by manifest.
184 silly tarball no local data for caniuse-lite@https://registry.npmjs.org/caniuse-lite/-/caniuse-lite-1.0.30001792.tgz. Extracting by manifest.
185 silly tarball no local data for cssesc@https://registry.npmjs.org/cssesc/-/cssesc-3.0.0.tgz. Extracting by manifest.
186 silly tarball no local data for didyoumean@https://registry.npmjs.org/didyoumean/-/didyoumean-1.2.2.tgz. Extracting by manifest.
187 silly tarball no local data for electron-to-chromium@https://registry.npmjs.org/electron-to-chromium/-/electron-to-chromium-1.5.352.tgz. Extracting by manifest.
188 silly tarball no local data for camelcase-css@https://registry.npmjs.org/camelcase-css/-/camelcase-css-2.0.1.tgz. Extracting by manifest.
189 silly tarball no local data for baseline-browser-mapping@https://registry.npmjs.org/baseline-browser-mapping/-/baseline-browser-mapping-2.10.27.tgz. Extracting by manifest.
190 silly tarball no local data for escalade@https://registry.npmjs.org/escalade/-/escalade-3.2.0.tgz. Extracting by manifest.
191 silly tarball no local data for browserslist@https://registry.npmjs.org/browserslist/-/browserslist-4.28.2.tgz. Extracting by manifest.
192 silly tarball no local data for autoprefixer@https://registry.npmjs.org/autoprefixer/-/autoprefixer-10.5.0.tgz. Extracting by manifest.
193 silly tarball no local data for binary-extensions@https://registry.npmjs.org/binary-extensions/-/binary-extensions-2.3.0.tgz. Extracting by manifest.
194 silly tarball no local data for braces@https://registry.npmjs.org/braces/-/braces-3.0.3.tgz. Extracting by manifest.
195 silly tarball no local data for arg@https://registry.npmjs.org/arg/-/arg-5.0.2.tgz. Extracting by manifest.
196 silly tarball no local data for anymatch@https://registry.npmjs.org/anymatch/-/anymatch-3.1.3.tgz. Extracting by manifest.
197 silly tarball no local data for any-promise@https://registry.npmjs.org/any-promise/-/any-promise-1.3.0.tgz. Extracting by manifest.
198 silly tarball no local data for @vue/server-renderer@https://registry.npmjs.org/@vue/server-renderer/-/server-renderer-3.5.34.tgz. Extracting by manifest.
199 silly tarball no local data for @vue/shared@https://registry.npmjs.org/@vue/shared/-/shared-3.5.34.tgz. Extracting by manifest.
200 silly tarball no local data for alien-signals@https://registry.npmjs.org/alien-signals/-/alien-signals-3.1.2.tgz. Extracting by manifest.
201 silly tarball no local data for @vue/runtime-dom@https://registry.npmjs.org/@vue/runtime-dom/-/runtime-dom-3.5.34.tgz. Extracting by manifest.
202 silly tarball no local data for @vue/runtime-core@https://registry.npmjs.org/@vue/runtime-core/-/runtime-core-3.5.34.tgz. Extracting by manifest.
203 silly tarball no local data for @vue/compiler-ssr@https://registry.npmjs.org/@vue/compiler-ssr/-/compiler-ssr-3.5.34.tgz. Extracting by manifest.
204 silly tarball no local data for @vue/devtools-api@https://registry.npmjs.org/@vue/devtools-api/-/devtools-api-6.6.4.tgz. Extracting by manifest.
205 silly tarball no local data for @vue/compiler-sfc@https://registry.npmjs.org/@vue/compiler-sfc/-/compiler-sfc-3.5.34.tgz. Extracting by manifest.
206 silly tarball no local data for @vue/language-core@https://registry.npmjs.org/@vue/language-core/-/language-core-3.2.8.tgz. Extracting by manifest.
207 silly tarball no local data for @vue/reactivity@https://registry.npmjs.org/@vue/reactivity/-/reactivity-3.5.34.tgz. Extracting by manifest.
208 silly tarball no local data for @vue/compiler-dom@https://registry.npmjs.org/@vue/compiler-dom/-/compiler-dom-3.5.34.tgz. Extracting by manifest.
209 silly tarball no local data for @vitejs/plugin-vue@https://registry.npmjs.org/@vitejs/plugin-vue/-/plugin-vue-6.0.6.tgz. Extracting by manifest.
210 silly tarball no local data for @volar/source-map@https://registry.npmjs.org/@volar/source-map/-/source-map-2.4.28.tgz. Extracting by manifest.
211 silly tarball no local data for @types/estree@https://registry.npmjs.org/@types/estree/-/estree-1.0.8.tgz. Extracting by manifest.
212 silly tarball no local data for @volar/typescript@https://registry.npmjs.org/@volar/typescript/-/typescript-2.4.28.tgz. Extracting by manifest.
213 silly tarball no local data for @vue/compiler-core@https://registry.npmjs.org/@vue/compiler-core/-/compiler-core-3.5.34.tgz. Extracting by manifest.
214 silly tarball no local data for @volar/language-core@https://registry.npmjs.org/@volar/language-core/-/language-core-2.4.28.tgz. Extracting by manifest.
215 silly tarball no local data for @rolldown/pluginutils@https://registry.npmjs.org/@rolldown/pluginutils/-/pluginutils-1.0.0-rc.13.tgz. Extracting by manifest.
216 silly tarball no local data for @rollup/rollup-darwin-arm64@https://registry.npmjs.org/@rollup/rollup-darwin-arm64/-/rollup-darwin-arm64-4.60.3.tgz. Extracting by manifest.
217 silly tarball no local data for @nodelib/fs.walk@https://registry.npmjs.org/@nodelib/fs.walk/-/fs.walk-1.2.8.tgz. Extracting by manifest.
218 silly tarball no local data for @jridgewell/trace-mapping@https://registry.npmjs.org/@jridgewell/trace-mapping/-/trace-mapping-0.3.31.tgz. Extracting by manifest.
219 silly tarball no local data for @jridgewell/sourcemap-codec@https://registry.npmjs.org/@jridgewell/sourcemap-codec/-/sourcemap-codec-1.5.5.tgz. Extracting by manifest.
220 silly tarball no local data for @nodelib/fs.scandir@https://registry.npmjs.org/@nodelib/fs.scandir/-/fs.scandir-2.1.5.tgz. Extracting by manifest.
221 silly tarball no local data for @nodelib/fs.stat@https://registry.npmjs.org/@nodelib/fs.stat/-/fs.stat-2.0.5.tgz. Extracting by manifest.
222 silly tarball no local data for @jridgewell/gen-mapping@https://registry.npmjs.org/@jridgewell/gen-mapping/-/gen-mapping-0.3.13.tgz. Extracting by manifest.
223 silly tarball no local data for @jridgewell/resolve-uri@https://registry.npmjs.org/@jridgewell/resolve-uri/-/resolve-uri-3.1.2.tgz. Extracting by manifest.
224 silly tarball no local data for @babel/types@https://registry.npmjs.org/@babel/types/-/types-7.29.0.tgz. Extracting by manifest.
225 silly tarball no local data for @babel/helper-validator-identifier@https://registry.npmjs.org/@babel/helper-validator-identifier/-/helper-validator-identifier-7.28.5.tgz. Extracting by manifest.
226 silly tarball no local data for @babel/parser@https://registry.npmjs.org/@babel/parser/-/parser-7.29.3.tgz. Extracting by manifest.
227 silly tarball no local data for @babel/helper-string-parser@https://registry.npmjs.org/@babel/helper-string-parser/-/helper-string-parser-7.27.1.tgz. Extracting by manifest.
228 silly tarball no local data for @esbuild/darwin-arm64@https://registry.npmjs.org/@esbuild/darwin-arm64/-/darwin-arm64-0.27.7.tgz. Extracting by manifest.
229 silly tarball no local data for @alloc/quick-lru@https://registry.npmjs.org/@alloc/quick-lru/-/quick-lru-5.2.0.tgz. Extracting by manifest.
230 silly tarball no local data for fdir@https://registry.npmjs.org/fdir/-/fdir-6.5.0.tgz. Extracting by manifest.
231 silly tarball no local data for picomatch@https://registry.npmjs.org/picomatch/-/picomatch-4.0.4.tgz. Extracting by manifest.
232 silly tarball no local data for picomatch@https://registry.npmjs.org/picomatch/-/picomatch-4.0.4.tgz. Extracting by manifest.
233 silly tarball no local data for glob-parent@https://registry.npmjs.org/glob-parent/-/glob-parent-5.1.2.tgz. Extracting by manifest.
234 silly tarball no local data for glob-parent@https://registry.npmjs.org/glob-parent/-/glob-parent-5.1.2.tgz. Extracting by manifest.
235 silly tarball no local data for picomatch@https://registry.npmjs.org/picomatch/-/picomatch-4.0.4.tgz. Extracting by manifest.
236 silly tarball no local data for fdir@https://registry.npmjs.org/fdir/-/fdir-6.5.0.tgz. Extracting by manifest.
237 http fetch GET 200 https://registry.npmjs.org/vue-tsc/-/vue-tsc-3.2.8.tgz 304ms (cache miss)
238 http fetch GET 200 https://registry.npmjs.org/util-deprecate/-/util-deprecate-1.0.2.tgz 310ms (cache miss)
239 http fetch GET 200 https://registry.npmjs.org/ts-interface-checker/-/ts-interface-checker-0.1.13.tgz 352ms (cache miss)
240 http fetch GET 200 https://registry.npmjs.org/to-regex-range/-/to-regex-range-5.0.1.tgz 375ms (cache miss)
241 http fetch GET 200 https://registry.npmjs.org/source-map-js/-/source-map-js-1.2.1.tgz 375ms (cache miss)
242 http fetch GET 200 https://registry.npmjs.org/vscode-uri/-/vscode-uri-3.1.0.tgz 390ms (cache miss)
243 http fetch GET 200 https://registry.npmjs.org/update-browserslist-db/-/update-browserslist-db-1.2.3.tgz 393ms (cache miss)
244 http fetch GET 200 https://registry.npmjs.org/tinyglobby/-/tinyglobby-0.2.16.tgz 396ms (cache miss)
245 http fetch GET 200 https://registry.npmjs.org/thenify-all/-/thenify-all-1.6.0.tgz 397ms (cache miss)
246 http fetch GET 200 https://registry.npmjs.org/thenify/-/thenify-3.3.1.tgz 397ms (cache miss)
247 http fetch GET 200 https://registry.npmjs.org/run-parallel/-/run-parallel-1.2.0.tgz 409ms (cache miss)
248 http fetch GET 200 https://registry.npmjs.org/resolve/-/resolve-1.22.12.tgz 435ms (cache miss)
249 http fetch GET 200 https://registry.npmjs.org/vue-router/-/vue-router-4.6.4.tgz 451ms (cache miss)
250 http fetch GET 200 https://registry.npmjs.org/readdirp/-/readdirp-3.6.0.tgz 456ms (cache miss)
251 http fetch GET 200 https://registry.npmjs.org/queue-microtask/-/queue-microtask-1.2.3.tgz 494ms (cache miss)
252 http fetch GET 200 https://registry.npmjs.org/postcss-value-parser/-/postcss-value-parser-4.2.0.tgz 499ms (cache miss)
253 http fetch GET 200 https://registry.npmjs.org/read-cache/-/read-cache-1.0.0.tgz 541ms (cache miss)
254 http fetch GET 200 https://registry.npmjs.org/postcss-nested/-/postcss-nested-6.2.0.tgz 542ms (cache miss)
255 http fetch GET 200 https://registry.npmjs.org/supports-preserve-symlinks-flag/-/supports-preserve-symlinks-flag-1.0.0.tgz 557ms (cache miss)
256 http fetch GET 200 https://registry.npmjs.org/postcss-selector-parser/-/postcss-selector-parser-6.1.2.tgz 557ms (cache miss)
257 http fetch GET 200 https://registry.npmjs.org/postcss-load-config/-/postcss-load-config-6.0.1.tgz 559ms (cache miss)
258 http fetch GET 200 https://registry.npmjs.org/reusify/-/reusify-1.1.0.tgz 608ms (cache miss)
259 http fetch GET 200 https://registry.npmjs.org/postcss-js/-/postcss-js-4.1.0.tgz 610ms (cache miss)
260 http fetch GET 200 https://registry.npmjs.org/postcss-import/-/postcss-import-15.1.0.tgz 640ms (cache miss)
261 http fetch GET 200 https://registry.npmjs.org/postcss/-/postcss-8.5.14.tgz 641ms (cache miss)
262 http fetch GET 200 https://registry.npmjs.org/object-assign/-/object-assign-4.1.1.tgz 790ms (cache miss)
263 http fetch GET 200 https://registry.npmjs.org/pify/-/pify-2.3.0.tgz 791ms (cache miss)
264 http fetch GET 200 https://registry.npmjs.org/path-browserify/-/path-browserify-1.0.1.tgz 793ms (cache miss)
265 http fetch GET 200 https://registry.npmjs.org/picomatch/-/picomatch-2.3.2.tgz 804ms (cache miss)
266 http fetch GET 200 https://registry.npmjs.org/normalize-path/-/normalize-path-3.0.0.tgz 803ms (cache miss)
267 http fetch GET 200 https://registry.npmjs.org/picocolors/-/picocolors-1.1.1.tgz 804ms (cache miss)
268 http fetch GET 200 https://registry.npmjs.org/pirates/-/pirates-4.0.7.tgz 805ms (cache miss)
269 http fetch GET 200 https://registry.npmjs.org/sucrase/-/sucrase-3.35.1.tgz 819ms (cache miss)
270 http fetch GET 200 https://registry.npmjs.org/object-hash/-/object-hash-3.0.0.tgz 824ms (cache miss)
271 http fetch GET 200 https://registry.npmjs.org/mz/-/mz-2.7.0.tgz 826ms (cache miss)
272 http fetch GET 200 https://registry.npmjs.org/vite/-/vite-7.3.3.tgz 950ms (cache miss)
273 http fetch GET 200 https://registry.npmjs.org/merge2/-/merge2-1.4.1.tgz 951ms (cache miss)
274 http fetch GET 200 https://registry.npmjs.org/is-glob/-/is-glob-4.0.3.tgz 962ms (cache miss)
275 http fetch GET 200 https://registry.npmjs.org/lilconfig/-/lilconfig-3.1.3.tgz 967ms (cache miss)
276 http fetch GET 200 https://registry.npmjs.org/lines-and-columns/-/lines-and-columns-1.2.4.tgz 970ms (cache miss)
277 http fetch GET 200 https://registry.npmjs.org/nanoid/-/nanoid-3.3.12.tgz 971ms (cache miss)
278 http fetch GET 200 https://registry.npmjs.org/muggle-string/-/muggle-string-0.4.1.tgz 971ms (cache miss)
279 http fetch GET 200 https://registry.npmjs.org/node-releases/-/node-releases-2.0.38.tgz 971ms (cache miss)
280 http fetch GET 200 https://registry.npmjs.org/micromatch/-/micromatch-4.0.8.tgz 972ms (cache miss)
281 http fetch GET 200 https://registry.npmjs.org/is-core-module/-/is-core-module-2.16.2.tgz 973ms (cache miss)
282 http fetch GET 200 https://registry.npmjs.org/vue/-/vue-3.5.34.tgz 1051ms (cache miss)
283 http fetch GET 200 https://registry.npmjs.org/rollup/-/rollup-4.60.3.tgz 1058ms (cache miss)
284 http fetch GET 200 https://registry.npmjs.org/is-extglob/-/is-extglob-2.1.1.tgz 1068ms (cache miss)
285 http fetch GET 200 https://registry.npmjs.org/magic-string/-/magic-string-0.30.21.tgz 1074ms (cache miss)
286 http fetch GET 200 https://registry.npmjs.org/is-binary-path/-/is-binary-path-2.1.0.tgz 1080ms (cache miss)
287 http fetch GET 200 https://registry.npmjs.org/hasown/-/hasown-2.0.3.tgz 1082ms (cache miss)
288 http fetch GET 200 https://registry.npmjs.org/fastq/-/fastq-1.20.1.tgz 1082ms (cache miss)
289 http fetch GET 200 https://registry.npmjs.org/is-number/-/is-number-7.0.0.tgz 1083ms (cache miss)
290 http fetch GET 200 https://registry.npmjs.org/fsevents/-/fsevents-2.3.3.tgz 1085ms (cache miss)
291 http fetch GET 200 https://registry.npmjs.org/fill-range/-/fill-range-7.1.1.tgz 1088ms (cache miss)
292 http fetch GET 200 https://registry.npmjs.org/path-parse/-/path-parse-1.0.7.tgz 1087ms (cache miss)
293 http fetch GET 200 https://registry.npmjs.org/fraction.js/-/fraction.js-5.3.4.tgz 1112ms (cache miss)
294 http fetch GET 200 https://registry.npmjs.org/es-errors/-/es-errors-1.3.0.tgz 1143ms (cache miss)
295 http fetch GET 200 https://registry.npmjs.org/function-bind/-/function-bind-1.1.2.tgz 1146ms (cache miss)
296 http fetch GET 200 https://registry.npmjs.org/glob-parent/-/glob-parent-6.0.2.tgz 1151ms (cache miss)
297 http fetch GET 200 https://registry.npmjs.org/estree-walker/-/estree-walker-2.0.2.tgz 1156ms (cache miss)
298 http fetch GET 200 https://registry.npmjs.org/dlv/-/dlv-1.1.3.tgz 1181ms (cache miss)
299 http fetch GET 200 https://registry.npmjs.org/fast-glob/-/fast-glob-3.3.3.tgz 1182ms (cache miss)
300 http fetch GET 200 https://registry.npmjs.org/esbuild/-/esbuild-0.27.7.tgz 1206ms (cache miss)
301 http fetch GET 200 https://registry.npmjs.org/chokidar/-/chokidar-3.6.0.tgz 1222ms (cache miss)
302 http fetch GET 200 https://registry.npmjs.org/commander/-/commander-4.1.1.tgz 1229ms (cache miss)
303 http fetch GET 200 https://registry.npmjs.org/cssesc/-/cssesc-3.0.0.tgz 1303ms (cache miss)
304 http fetch GET 200 https://registry.npmjs.org/didyoumean/-/didyoumean-1.2.2.tgz 1324ms (cache miss)
305 http fetch GET 200 https://registry.npmjs.org/electron-to-chromium/-/electron-to-chromium-1.5.352.tgz 1329ms (cache miss)
306 http fetch GET 200 https://registry.npmjs.org/camelcase-css/-/camelcase-css-2.0.1.tgz 1333ms (cache miss)
307 http fetch GET 200 https://registry.npmjs.org/escalade/-/escalade-3.2.0.tgz 1356ms (cache miss)
308 http fetch GET 200 https://registry.npmjs.org/baseline-browser-mapping/-/baseline-browser-mapping-2.10.27.tgz 1358ms (cache miss)
309 http fetch GET 200 https://registry.npmjs.org/csstype/-/csstype-3.2.3.tgz 1366ms (cache miss)
310 http fetch GET 200 https://registry.npmjs.org/entities/-/entities-7.0.1.tgz 1376ms (cache miss)
311 http fetch GET 200 https://registry.npmjs.org/browserslist/-/browserslist-4.28.2.tgz 1402ms (cache miss)
312 http fetch GET 200 https://registry.npmjs.org/autoprefixer/-/autoprefixer-10.5.0.tgz 1421ms (cache miss)
313 http fetch GET 200 https://registry.npmjs.org/tailwindcss/-/tailwindcss-3.4.19.tgz 1447ms (cache miss)
314 http fetch GET 200 https://registry.npmjs.org/binary-extensions/-/binary-extensions-2.3.0.tgz 1440ms (cache miss)
315 http fetch GET 200 https://registry.npmjs.org/braces/-/braces-3.0.3.tgz 1464ms (cache miss)
316 http fetch GET 200 https://registry.npmjs.org/anymatch/-/anymatch-3.1.3.tgz 1469ms (cache miss)
317 http fetch GET 200 https://registry.npmjs.org/arg/-/arg-5.0.2.tgz 1471ms (cache miss)
318 http fetch GET 200 https://registry.npmjs.org/any-promise/-/any-promise-1.3.0.tgz 1479ms (cache miss)
319 http fetch GET 200 https://registry.npmjs.org/@vue/shared/-/shared-3.5.34.tgz 1480ms (cache miss)
320 http fetch GET 200 https://registry.npmjs.org/jiti/-/jiti-1.21.7.tgz 1483ms (cache miss)
321 http fetch GET 200 https://registry.npmjs.org/alien-signals/-/alien-signals-3.1.2.tgz 1512ms (cache miss)
322 http fetch GET 200 https://registry.npmjs.org/@vue/compiler-ssr/-/compiler-ssr-3.5.34.tgz 1514ms (cache miss)
323 http fetch GET 200 https://registry.npmjs.org/caniuse-lite/-/caniuse-lite-1.0.30001792.tgz 1518ms (cache miss)
324 http fetch GET 200 https://registry.npmjs.org/@vue/devtools-api/-/devtools-api-6.6.4.tgz 1538ms (cache miss)
325 http fetch GET 200 https://registry.npmjs.org/@volar/source-map/-/source-map-2.4.28.tgz 1627ms (cache miss)
326 http fetch GET 200 https://registry.npmjs.org/@vue/server-renderer/-/server-renderer-3.5.34.tgz 1631ms (cache miss)
327 http fetch GET 200 https://registry.npmjs.org/@vitejs/plugin-vue/-/plugin-vue-6.0.6.tgz 1680ms (cache miss)
328 http fetch GET 200 https://registry.npmjs.org/@types/estree/-/estree-1.0.8.tgz 1690ms (cache miss)
329 http fetch GET 200 https://registry.npmjs.org/@vue/reactivity/-/reactivity-3.5.34.tgz 1717ms (cache miss)
330 http fetch GET 200 https://registry.npmjs.org/@volar/language-core/-/language-core-2.4.28.tgz 1717ms (cache miss)
331 http fetch GET 200 https://registry.npmjs.org/@volar/typescript/-/typescript-2.4.28.tgz 1794ms (cache miss)
332 http fetch GET 200 https://registry.npmjs.org/@vue/runtime-core/-/runtime-core-3.5.34.tgz 1809ms (cache miss)
333 http fetch GET 200 https://registry.npmjs.org/@vue/compiler-dom/-/compiler-dom-3.5.34.tgz 1831ms (cache miss)
334 http fetch GET 200 https://registry.npmjs.org/@vue/runtime-dom/-/runtime-dom-3.5.34.tgz 1832ms (cache miss)
335 http fetch GET 200 https://registry.npmjs.org/@nodelib/fs.walk/-/fs.walk-1.2.8.tgz 1844ms (cache miss)
336 http fetch GET 200 https://registry.npmjs.org/@vue/compiler-core/-/compiler-core-3.5.34.tgz 1892ms (cache miss)
337 http fetch GET 200 https://registry.npmjs.org/@vue/language-core/-/language-core-3.2.8.tgz 1905ms (cache miss)
338 http fetch GET 200 https://registry.npmjs.org/@jridgewell/sourcemap-codec/-/sourcemap-codec-1.5.5.tgz 1908ms (cache miss)
339 http fetch GET 200 https://registry.npmjs.org/@jridgewell/trace-mapping/-/trace-mapping-0.3.31.tgz 1909ms (cache miss)
340 http fetch GET 200 https://registry.npmjs.org/@rolldown/pluginutils/-/pluginutils-1.0.0-rc.13.tgz 1912ms (cache miss)
341 http fetch GET 200 https://registry.npmjs.org/@nodelib/fs.stat/-/fs.stat-2.0.5.tgz 1913ms (cache miss)
342 http fetch GET 200 https://registry.npmjs.org/@nodelib/fs.scandir/-/fs.scandir-2.1.5.tgz 1916ms (cache miss)
343 http fetch GET 200 https://registry.npmjs.org/@jridgewell/gen-mapping/-/gen-mapping-0.3.13.tgz 1962ms (cache miss)
344 http fetch GET 200 https://registry.npmjs.org/@jridgewell/resolve-uri/-/resolve-uri-3.1.2.tgz 1965ms (cache miss)
345 http fetch GET 200 https://registry.npmjs.org/@babel/helper-validator-identifier/-/helper-validator-identifier-7.28.5.tgz 1993ms (cache miss)
346 http fetch GET 200 https://registry.npmjs.org/glob-parent/-/glob-parent-5.1.2.tgz 2053ms (cache miss)
347 http fetch GET 200 https://registry.npmjs.org/fdir/-/fdir-6.5.0.tgz 2055ms (cache miss)
348 http fetch GET 200 https://registry.npmjs.org/@babel/helper-string-parser/-/helper-string-parser-7.27.1.tgz 2065ms (cache miss)
349 http fetch GET 200 https://registry.npmjs.org/picomatch/-/picomatch-4.0.4.tgz 2066ms (cache miss)
350 http fetch GET 200 https://registry.npmjs.org/picomatch/-/picomatch-4.0.4.tgz 2092ms (cache miss)
351 http fetch GET 200 https://registry.npmjs.org/@alloc/quick-lru/-/quick-lru-5.2.0.tgz 2092ms (cache miss)
352 http fetch GET 200 https://registry.npmjs.org/glob-parent/-/glob-parent-5.1.2.tgz 2129ms (cache miss)
353 http fetch GET 200 https://registry.npmjs.org/picomatch/-/picomatch-4.0.4.tgz 2121ms (cache miss)
354 http fetch GET 200 https://registry.npmjs.org/fdir/-/fdir-6.5.0.tgz 2153ms (cache miss)
355 http fetch GET 200 https://registry.npmjs.org/@babel/types/-/types-7.29.0.tgz 2263ms (cache miss)
356 http fetch GET 200 https://registry.npmjs.org/@vue/compiler-sfc/-/compiler-sfc-3.5.34.tgz 2298ms (cache miss)
357 http fetch GET 200 https://registry.npmjs.org/@babel/parser/-/parser-7.29.3.tgz 2580ms (cache miss)
358 http fetch GET 200 https://registry.npmjs.org/@rollup/rollup-darwin-arm64/-/rollup-darwin-arm64-4.60.3.tgz 2602ms (cache miss)
359 http fetch GET 200 https://registry.npmjs.org/typescript/-/typescript-5.9.3.tgz 5061ms (cache miss)
360 http fetch GET 200 https://registry.npmjs.org/@esbuild/darwin-arm64/-/darwin-arm64-0.27.7.tgz 5347ms (cache miss)
361 info run esbuild@0.27.7 postinstall node_modules/esbuild node install.js
362 info run esbuild@0.27.7 postinstall { code: 0, signal: null }
363 silly ADD node_modules/vue-tsc
364 silly ADD node_modules/vue-router
365 silly ADD node_modules/vue
366 silly ADD node_modules/vscode-uri
367 silly ADD node_modules/vite
368 silly ADD node_modules/vite/node_modules/picomatch
369 silly ADD node_modules/vite/node_modules/fdir
370 silly ADD node_modules/util-deprecate
371 silly ADD node_modules/update-browserslist-db
372 silly ADD node_modules/typescript
373 silly ADD node_modules/ts-interface-checker
374 silly ADD node_modules/to-regex-range
375 silly ADD node_modules/tinyglobby
376 silly ADD node_modules/tinyglobby/node_modules/picomatch
377 silly ADD node_modules/tinyglobby/node_modules/fdir
378 silly ADD node_modules/thenify-all
379 silly ADD node_modules/thenify
380 silly ADD node_modules/tailwindcss
381 silly ADD node_modules/supports-preserve-symlinks-flag
382 silly ADD node_modules/sucrase
383 silly ADD node_modules/source-map-js
384 silly ADD node_modules/run-parallel
385 silly ADD node_modules/rollup
386 silly ADD node_modules/reusify
387 silly ADD node_modules/resolve
388 silly ADD node_modules/readdirp
389 silly ADD node_modules/read-cache
390 silly ADD node_modules/queue-microtask
391 silly ADD node_modules/postcss-value-parser
392 silly ADD node_modules/postcss-selector-parser
393 silly ADD node_modules/postcss-nested
394 silly ADD node_modules/postcss-load-config
395 silly ADD node_modules/postcss-js
396 silly ADD node_modules/postcss-import
397 silly ADD node_modules/postcss
398 silly ADD node_modules/pirates
399 silly ADD node_modules/pify
400 silly ADD node_modules/picomatch
401 silly ADD node_modules/picocolors
402 silly ADD node_modules/path-parse
403 silly ADD node_modules/path-browserify
404 silly ADD node_modules/object-hash
405 silly ADD node_modules/object-assign
406 silly ADD node_modules/normalize-path
407 silly ADD node_modules/node-releases
408 silly ADD node_modules/nanoid
409 silly ADD node_modules/mz
410 silly ADD node_modules/muggle-string
411 silly ADD node_modules/micromatch
412 silly ADD node_modules/merge2
413 silly ADD node_modules/magic-string
414 silly ADD node_modules/lines-and-columns
415 silly ADD node_modules/lilconfig
416 silly ADD node_modules/jiti
417 silly ADD node_modules/is-number
418 silly ADD node_modules/is-glob
419 silly ADD node_modules/is-extglob
420 silly ADD node_modules/is-core-module
421 silly ADD node_modules/is-binary-path
422 silly ADD node_modules/hasown
423 silly ADD node_modules/glob-parent
424 silly ADD node_modules/function-bind
425 silly ADD node_modules/fsevents
426 silly ADD node_modules/fraction.js
427 silly ADD node_modules/fill-range
428 silly ADD node_modules/fastq
429 silly ADD node_modules/fast-glob
430 silly ADD node_modules/fast-glob/node_modules/glob-parent
431 silly ADD node_modules/estree-walker
432 silly ADD node_modules/escalade
433 silly ADD node_modules/esbuild
434 silly ADD node_modules/es-errors
435 silly ADD node_modules/entities
436 silly ADD node_modules/electron-to-chromium
437 silly ADD node_modules/dlv
438 silly ADD node_modules/didyoumean
439 silly ADD node_modules/csstype
440 silly ADD node_modules/cssesc
441 silly ADD node_modules/commander
442 silly ADD node_modules/chokidar
443 silly ADD node_modules/chokidar/node_modules/glob-parent
444 silly ADD node_modules/caniuse-lite
445 silly ADD node_modules/camelcase-css
446 silly ADD node_modules/browserslist
447 silly ADD node_modules/braces
448 silly ADD node_modules/binary-extensions
449 silly ADD node_modules/baseline-browser-mapping
450 silly ADD node_modules/autoprefixer
451 silly ADD node_modules/arg
452 silly ADD node_modules/anymatch
453 silly ADD node_modules/any-promise
454 silly ADD node_modules/alien-signals
455 silly ADD node_modules/@vue/shared
456 silly ADD node_modules/@vue/server-renderer
457 silly ADD node_modules/@vue/runtime-dom
458 silly ADD node_modules/@vue/runtime-core
459 silly ADD node_modules/@vue/reactivity
460 silly ADD node_modules/@vue/language-core
461 silly ADD node_modules/@vue/language-core/node_modules/picomatch
462 silly ADD node_modules/@vue/devtools-api
463 silly ADD node_modules/@vue/compiler-ssr
464 silly ADD node_modules/@vue/compiler-sfc
465 silly ADD node_modules/@vue/compiler-dom
466 silly ADD node_modules/@vue/compiler-core
467 silly ADD node_modules/@volar/typescript
468 silly ADD node_modules/@volar/source-map
469 silly ADD node_modules/@volar/language-core
470 silly ADD node_modules/@vitejs/plugin-vue
471 silly ADD node_modules/@types/estree
472 silly ADD
473 silly ADD
474 silly ADD
475 silly ADD
476 silly ADD
477 silly ADD
478 silly ADD
479 silly ADD
480 silly ADD
481 silly ADD
482 silly ADD
483 silly ADD
484 silly ADD
485 silly ADD
486 silly ADD
487 silly ADD
488 silly ADD
489 silly ADD
490 silly ADD
491 silly ADD
492 silly ADD
493 silly ADD
494 silly ADD node_modules/@rollup/rollup-darwin-arm64
495 silly ADD
496 silly ADD
497 silly ADD node_modules/@rolldown/pluginutils
498 silly ADD node_modules/@nodelib/fs.walk
499 silly ADD node_modules/@nodelib/fs.stat
500 silly ADD node_modules/@nodelib/fs.scandir
501 silly ADD node_modules/@jridgewell/trace-mapping
502 silly ADD node_modules/@jridgewell/sourcemap-codec
503 silly ADD node_modules/@jridgewell/resolve-uri
504 silly ADD node_modules/@jridgewell/gen-mapping
505 silly ADD
506 silly ADD
507 silly ADD
508 silly ADD
509 silly ADD
510 silly ADD
511 silly ADD
512 silly ADD
513 silly ADD
514 silly ADD
515 silly ADD
516 silly ADD
517 silly ADD
518 silly ADD
519 silly ADD
520 silly ADD
521 silly ADD
522 silly ADD
523 silly ADD
524 silly ADD
525 silly ADD
526 silly ADD node_modules/@esbuild/darwin-arm64
527 silly ADD
528 silly ADD
529 silly ADD
530 silly ADD
531 silly ADD node_modules/@babel/types
532 silly ADD node_modules/@babel/parser
533 silly ADD node_modules/@babel/helper-validator-identifier
534 silly ADD node_modules/@babel/helper-string-parser
535 silly ADD node_modules/@alloc/quick-lru
536 verbose cwd /Users/fakhrirasyids/Documents/Projects/Repo/Jalan Overseas Project/Jalan Overseas Admin Panel - Vue
537 verbose os Darwin 24.1.0
538 verbose node v22.12.0
539 verbose npm  v10.9.0
540 verbose exit 0
541 info ok
